#
# A fatal error has been detected by the Java Runtime Environment:
#
#  EXCEPTION_ACCESS_VIOLATION (0xc0000005) at pc=0x00007ffcdee4e0a9, pid=9036, tid=2364
#
# JRE version: OpenJDK Runtime Environment Microsoft-8035246 (17.0.8+7) (build 17.0.8+7-LTS)
# Java VM: OpenJDK 64-Bit Server VM Microsoft-8035246 (17.0.8+7-LTS, mixed mode, sharing, tiered, compressed oops, compressed class ptrs, g1 gc, windows-amd64)
# Problematic frame:
# V  [jvm.dll+0x2be0a9]
#
# No core dump will be written. Minidumps are not enabled by default on client versions of Windows
#
# If you would like to submit a bug report, please visit:
#   https://github.com/microsoft/openjdk/issues
#

---------------  S U M M A R Y ------------

Command Line: -XX:MaxMetaspaceSize=512m --add-opens=java.base/java.util=ALL-UNNAMED --add-opens=java.base/java.lang=ALL-UNNAMED --add-opens=java.base/java.lang.invoke=ALL-UNNAMED --add-opens=java.prefs/java.util.prefs=ALL-UNNAMED --add-opens=java.base/java.nio.charset=ALL-UNNAMED --add-opens=java.base/java.net=ALL-UNNAMED --add-opens=java.base/java.util.concurrent.atomic=ALL-UNNAMED -Xmx2048m -Dfile.encoding=windows-1252 -Duser.country=US -Duser.language=en -Duser.variant -javaagent:C:\Users\Lenovo\.gradle\wrapper\dists\gradle-8.3-all\6en3ugtfdg5xnpx44z4qbwgas\gradle-8.3\lib\agents\gradle-instrumentation-agent-8.3.jar org.gradle.launcher.daemon.bootstrap.GradleDaemon 8.3

Host: AMD 3020e with Radeon Graphics                 , 2 cores, 5G,  Windows 10 , 64 bit Build 19041 (10.0.19041.3636)
Time: Wed Feb 28 14:32:16 2024 Malay Peninsula Standard Time elapsed time: 289.156737 seconds (0d 0h 4m 49s)

---------------  T H R E A D  ---------------

Current thread (0x00000288cb753150):  JavaThread "C2 CompilerThread0" daemon [_thread_in_native, id=2364, stack(0x00000093cf800000,0x00000093cf900000)]


Current CompileTask:
C2: 289156 14733   !   4       org.gradle.cache.internal.DefaultMultiProcessSafeIndexedCache::getIfPresent (25 bytes)

Stack: [0x00000093cf800000,0x00000093cf900000],  sp=0x00000093cf8fb4c0,  free space=1005k
Native frames: (J=compiled Java code, j=interpreted, Vv=VM code, C=native code)
V  [jvm.dll+0x2be0a9]
V  [jvm.dll+0x21ba8b]
V  [jvm.dll+0x21944b]
V  [jvm.dll+0x1a56b6]
V  [jvm.dll+0x2291ea]
V  [jvm.dll+0x22724c]
V  [jvm.dll+0x7efd0c]
V  [jvm.dll+0x7ea13a]
V  [jvm.dll+0x67ad85]
C  [ucrtbase.dll+0x21bb2]
C  [KERNEL32.DLL+0x17344]
C  [ntdll.dll+0x526b1]


siginfo: EXCEPTION_ACCESS_VIOLATION (0xc0000005), reading address 0x0000000000000028


Register to memory mapping:

RIP=0x00007ffcdee4e0a9 jvm.dll
RAX=0x00000288ef98ee70 points into unknown readable memory: 0x0000000000000000 | 00 00 00 00 00 00 00 00
RBX=0x00000000000017a9 is an unknown value
RCX=0x00000288ef99ee70 points into unknown readable memory: 0x00000288ecec7758 | 58 77 ec ec 88 02 00 00
RDX=0x0 is NULL
RSP=0x00000093cf8fb4c0 is pointing into the stack for thread: 0x00000288cb753150
RBP=0x00000093cf8fb530 is pointing into the stack for thread: 0x00000288cb753150
RSI=0x0 is NULL
RDI=0x0000000000000048 is an unknown value
R8 =0x0 is NULL
R9 =0x0 is NULL
R10=0x00007ffd1dea0000 VCRUNTIME140.dll
R11=0x00000288ef98ee90 points into unknown readable memory: 0x0000000000000000 | 00 00 00 00 00 00 00 00
R12=0x0000000000000050 is an unknown value
R13=0x0 is NULL
R14=0x0 is NULL
R15=0x00000093cf8fe6e0 is pointing into the stack for thread: 0x00000288cb753150


Registers:
RAX=0x00000288ef98ee70, RBX=0x00000000000017a9, RCX=0x00000288ef99ee70, RDX=0x0000000000000000
RSP=0x00000093cf8fb4c0, RBP=0x00000093cf8fb530, RSI=0x0000000000000000, RDI=0x0000000000000048
R8 =0x0000000000000000, R9 =0x0000000000000000, R10=0x00007ffd1dea0000, R11=0x00000288ef98ee90
R12=0x0000000000000050, R13=0x0000000000000000, R14=0x0000000000000000, R15=0x00000093cf8fe6e0
RIP=0x00007ffcdee4e0a9, EFLAGS=0x0000000000010246

Top of Stack: (sp=0x00000093cf8fb4c0)
0x00000093cf8fb4c0:   00000000000017a9 0000000000000000
0x00000093cf8fb4d0:   00000093cf8fe6e0 00007ffcdedb38d1
0x00000093cf8fb4e0:   00000288cb748ce0 00007ffc00002000
0x00000093cf8fb4f0:   00000288ef98ee70 0000028800000000
0x00000093cf8fb500:   0000000000000002 00000288f0689120
0x00000093cf8fb510:   0000000000000002 00000288cb748ce0
0x00000093cf8fb520:   0000000000000000 0000000000000000
0x00000093cf8fb530:   00000288cb723810 00000288ae089b30
0x00000093cf8fb540:   0000000000000048 00007ffcdf4d4c08
0x00000093cf8fb550:   00000093cf8fb660 00007ffcdedaba8b
0x00000093cf8fb560:   00000093cf8fe6e0 00007ffcdf4d4c08
0x00000093cf8fb570:   00000093cf8fe6e0 00000093cf8fb660
0x00000093cf8fb580:   0000028800000000 00007ffcdf1ab7fb
0x00000093cf8fb590:   000000930000000f 00000093cf8fe6e0
0x00000093cf8fb5a0:   00000093cf8fb710 0000000000000000
0x00000093cf8fb5b0:   0000028800000100 00007ffcdf4d4c08 

Instructions: (pc=0x00007ffcdee4e0a9)
0x00007ffcdee4dfa9:   3b d0 75 0b ff c1 41 3b c9 7c dc 48 8b c2 c3 33
0x00007ffcdee4dfb9:   c0 c3 cc cc cc cc cc 48 89 5c 24 18 55 56 57 41
0x00007ffcdee4dfc9:   55 41 57 48 8b ec 48 83 ec 70 65 48 8b 04 25 58
0x00007ffcdee4dfd9:   00 00 00 48 8b f2 44 8b 05 d2 8b 90 00 4c 8b f9
0x00007ffcdee4dfe9:   4a 8b 1c c0 b8 50 00 00 00 80 3c 18 00 75 05 e8
0x00007ffcdee4dff9:   8b 6f 5d 00 b8 20 00 00 00 48 8b 04 18 48 8b 98
0x00007ffcdee4e009:   38 02 00 00 48 89 5d b0 c7 45 b8 04 00 00 00 48
0x00007ffcdee4e019:   8b 43 18 48 83 f8 df 76 18 4c 8d 05 37 a9 65 00
0x00007ffcdee4e029:   ba 20 00 00 00 48 8b cb e8 5a eb de ff 48 8b 43
0x00007ffcdee4e039:   18 48 8d 48 20 48 3b 4b 20 76 11 45 33 c0 48 8b
0x00007ffcdee4e049:   cb 41 8d 50 20 e8 fd e8 de ff eb 04 48 89 4b 18
0x00007ffcdee4e059:   44 8b 45 b8 33 d2 49 c1 e0 03 48 8b c8 48 89 45
0x00007ffcdee4e069:   c0 e8 e3 80 5d 00 45 33 ed 48 8d 4d d0 44 89 6d
0x00007ffcdee4e079:   c8 e8 01 59 56 00 41 8b 9f 40 02 00 00 41 2b 9f
0x00007ffcdee4e089:   68 02 00 00 44 89 6d f0 3b 5d b8 72 0b 8b d3 48
0x00007ffcdee4e099:   8d 4d b0 e8 6f b3 39 00 48 8b 45 c0 4c 89 2c d8
0x00007ffcdee4e0a9:   8b 7e 28 8b df c1 eb 05 3b 5d d0 72 0b 8b d3 48
0x00007ffcdee4e0b9:   8d 4d d0 e8 1f 59 56 00 48 8b 45 d8 83 e7 1f 48
0x00007ffcdee4e0c9:   8d 14 98 40 0f b6 cf 41 b8 01 00 00 00 41 d3 e0
0x00007ffcdee4e0d9:   8b 0a 8b c1 41 0b c0 89 02 41 85 c8 75 21 8b 5d
0x00007ffcdee4e0e9:   c8 8d 43 01 89 45 c8 3b 5d b8 72 0b 8b d3 48 8d
0x00007ffcdee4e0f9:   4d b0 e8 10 b3 39 00 48 8b 45 c0 48 89 34 d8 44
0x00007ffcdee4e109:   39 6d c8 0f 86 77 01 00 00 4c 89 a4 24 a0 00 00
0x00007ffcdee4e119:   00 4c 89 b4 24 a8 00 00 00 48 8b 45 c0 41 8b cd
0x00007ffcdee4e129:   48 8b 34 c8 8b 46 2c 25 ff 1f 00 00 3d 04 10 00
0x00007ffcdee4e139:   00 0f 85 a7 00 00 00 bb 01 00 00 00 39 5e 18 76
0x00007ffcdee4e149:   39 66 0f 1f 44 00 00 48 8b 46 08 8b cb 48 8b 14
0x00007ffcdee4e159:   c8 48 85 d2 74 1d 48 83 7a 10 00 74 16 80 7a 2c
0x00007ffcdee4e169:   84 74 10 e8 7f 7e ee ff 48 8b d0 49 8b cf e8 a4
0x00007ffcdee4e179:   61 f6 ff ff c3 3b 5e 18 72 cd 48 8b 5e 10 8b 46
0x00007ffcdee4e189:   20 4c 8d 34 c3 49 3b de 73 54 48 8b 3b 8b 47 2c
0x00007ffcdee4e199:   83 e0 03 3c 03 75 2e 48 8b 07 48 8b cf ff 90 88 


Stack slot to memory mapping:
stack at sp + 0 slots: 0x00000000000017a9 is an unknown value
stack at sp + 1 slots: 0x0 is NULL
stack at sp + 2 slots: 0x00000093cf8fe6e0 is pointing into the stack for thread: 0x00000288cb753150
stack at sp + 3 slots: 0x00007ffcdedb38d1 jvm.dll
stack at sp + 4 slots: 0x00000288cb748ce0 points into unknown readable memory: 0x0000000000000006 | 06 00 00 00 00 00 00 00
stack at sp + 5 slots: 0x00007ffc00002000 is an unknown value
stack at sp + 6 slots: 0x00000288ef98ee70 points into unknown readable memory: 0x0000000000000000 | 00 00 00 00 00 00 00 00
stack at sp + 7 slots: 0x0000028800000000 is an unknown value


---------------  P R O C E S S  ---------------

Threads class SMR info:
_java_thread_list=0x00000288ef5d7250, length=67, elements={
0x00000288ae0727f0, 0x00000288cb733fd0, 0x00000288cb735d70, 0x00000288cb74ac10,
0x00000288cb74b9a0, 0x00000288cb74f3f0, 0x00000288cb74fcc0, 0x00000288cb753150,
0x00000288cb765c00, 0x00000288cb7d4c90, 0x00000288cb71d220, 0x00000288cba88df0,
0x00000288ec666630, 0x00000288ec106650, 0x00000288ec2dd440, 0x00000288cbaf9c60,
0x00000288ec9f64a0, 0x00000288cb7af0b0, 0x00000288cb7af5c0, 0x00000288cb7afad0,
0x00000288cb7b1420, 0x00000288cb7aeba0, 0x00000288cb7b0f10, 0x00000288cb7ae180,
0x00000288cb7b04f0, 0x00000288cb7b0a00, 0x00000288cb7adc70, 0x00000288cb7ae690,
0x00000288cbccc1c0, 0x00000288cbccbcb0, 0x00000288cbccc6d0, 0x00000288cbcc8f20,
0x00000288cbccb290, 0x00000288cbcc9430, 0x00000288cbcc9940, 0x00000288cbcc9e50,
0x00000288cbcca360, 0x00000288cbcc8a10, 0x00000288cbccd600, 0x00000288cbccdb10,
0x00000288cbcce020, 0x00000288cbccad80, 0x00000288cbcc75d0, 0x00000288cbccef50,
0x00000288cbcc7ae0, 0x00000288cbcc7ff0, 0x00000288ee54bde0, 0x00000288ee549a70,
0x00000288ee54e660, 0x00000288ee5504c0, 0x00000288ee54d730, 0x00000288ee54e150,
0x00000288ee549f80, 0x00000288ee54eb70, 0x00000288ee54a9a0, 0x00000288ee5509d0,
0x00000288ee54d220, 0x00000288ee54aeb0, 0x00000288ee54dc40, 0x00000288ee54f080,
0x00000288ee54f590, 0x00000288ee54faa0, 0x00000288ee549560, 0x00000288ee54ffb0,
0x00000288cbccea40, 0x00000288f07339c0, 0x00000288f0738fd0
}

Java Threads: ( => current thread )
  0x00000288ae0727f0 JavaThread "main" [_thread_blocked, id=12428, stack(0x00000093ceb00000,0x00000093cec00000)]
  0x00000288cb733fd0 JavaThread "Reference Handler" daemon [_thread_blocked, id=2872, stack(0x00000093cf200000,0x00000093cf300000)]
  0x00000288cb735d70 JavaThread "Finalizer" daemon [_thread_blocked, id=2128, stack(0x00000093cf300000,0x00000093cf400000)]
  0x00000288cb74ac10 JavaThread "Signal Dispatcher" daemon [_thread_blocked, id=14892, stack(0x00000093cf400000,0x00000093cf500000)]
  0x00000288cb74b9a0 JavaThread "Attach Listener" daemon [_thread_blocked, id=11444, stack(0x00000093cf500000,0x00000093cf600000)]
  0x00000288cb74f3f0 JavaThread "Service Thread" daemon [_thread_blocked, id=14340, stack(0x00000093cf600000,0x00000093cf700000)]
  0x00000288cb74fcc0 JavaThread "Monitor Deflation Thread" daemon [_thread_blocked, id=12372, stack(0x00000093cf700000,0x00000093cf800000)]
=>0x00000288cb753150 JavaThread "C2 CompilerThread0" daemon [_thread_in_native, id=2364, stack(0x00000093cf800000,0x00000093cf900000)]
  0x00000288cb765c00 JavaThread "C1 CompilerThread0" daemon [_thread_blocked, id=16280, stack(0x00000093cf900000,0x00000093cfa00000)]
  0x00000288cb7d4c90 JavaThread "Sweeper thread" daemon [_thread_blocked, id=13868, stack(0x00000093cfa00000,0x00000093cfb00000)]
  0x00000288cb71d220 JavaThread "Common-Cleaner" daemon [_thread_blocked, id=900, stack(0x00000093cfb00000,0x00000093cfc00000)]
  0x00000288cba88df0 JavaThread "Notification Thread" daemon [_thread_blocked, id=5564, stack(0x00000093cfc00000,0x00000093cfd00000)]
  0x00000288ec666630 JavaThread "Daemon health stats" [_thread_blocked, id=16148, stack(0x00000093cff00000,0x00000093d0000000)]
  0x00000288ec106650 JavaThread "Incoming local TCP Connector on port 61637" [_thread_in_native, id=15056, stack(0x00000093d0000000,0x00000093d0100000)]
  0x00000288ec2dd440 JavaThread "Daemon periodic checks" [_thread_blocked, id=13044, stack(0x00000093d0100000,0x00000093d0200000)]
  0x00000288cbaf9c60 JavaThread "Daemon" [_thread_blocked, id=11052, stack(0x00000093d0200000,0x00000093d0300000)]
  0x00000288ec9f64a0 JavaThread "Handler for socket connection from /127.0.0.1:61637 to /127.0.0.1:61638" [_thread_in_native, id=13560, stack(0x00000093d0300000,0x00000093d0400000)]
  0x00000288cb7af0b0 JavaThread "Cancel handler" [_thread_blocked, id=14644, stack(0x00000093d0400000,0x00000093d0500000)]
  0x00000288cb7af5c0 JavaThread "Daemon worker" [_thread_blocked, id=1228, stack(0x00000093d0500000,0x00000093d0600000)]
  0x00000288cb7afad0 JavaThread "Asynchronous log dispatcher for DefaultDaemonConnection: socket connection from /127.0.0.1:61637 to /127.0.0.1:61638" [_thread_blocked, id=14304, stack(0x00000093d0600000,0x00000093d0700000)]
  0x00000288cb7b1420 JavaThread "Stdin handler" [_thread_blocked, id=14240, stack(0x00000093d0700000,0x00000093d0800000)]
  0x00000288cb7aeba0 JavaThread "Daemon client event forwarder" [_thread_blocked, id=15140, stack(0x00000093d0800000,0x00000093d0900000)]
  0x00000288cb7b0f10 JavaThread "Cache worker for journal cache (C:\Users\Lenovo\.gradle\caches\journal-1)" [_thread_blocked, id=10084, stack(0x00000093d0900000,0x00000093d0a00000)]
  0x00000288cb7ae180 JavaThread "File lock request listener" [_thread_in_native, id=6032, stack(0x00000093d0a00000,0x00000093d0b00000)]
  0x00000288cb7b04f0 JavaThread "Cache worker for file hash cache (C:\Users\Lenovo\.gradle\caches\8.3\fileHashes)" [_thread_blocked, id=15008, stack(0x00000093d0b00000,0x00000093d0c00000)]
  0x00000288cb7b0a00 JavaThread "File watcher server" daemon [_thread_in_native, id=13764, stack(0x00000093d0c00000,0x00000093d0d00000)]
  0x00000288cb7adc70 JavaThread "File watcher consumer" daemon [_thread_blocked, id=9380, stack(0x00000093d0d00000,0x00000093d0e00000)]
  0x00000288cb7ae690 JavaThread "Cache worker for checksums cache (C:\Users\Lenovo\Documents\Semester 6\Mobile Application Developer\AwesomeProject\android\.gradle\8.3\checksums)" [_thread_blocked, id=15236, stack(0x00000093d0e00000,0x00000093d0f00000)]
  0x00000288cbccc1c0 JavaThread "Cache worker for file hash cache (C:\Users\Lenovo\Documents\Semester 6\Mobile Application Developer\AwesomeProject\android\.gradle\8.3\fileHashes)" [_thread_blocked, id=14428, stack(0x00000093d0f00000,0x00000093d1000000)]
  0x00000288cbccbcb0 JavaThread "Cache worker for cache directory md-supplier (C:\Users\Lenovo\.gradle\caches\8.3\md-supplier)" [_thread_blocked, id=13580, stack(0x00000093d1000000,0x00000093d1100000)]
  0x00000288cbccc6d0 JavaThread "Cache worker for file content cache (C:\Users\Lenovo\.gradle\caches\8.3\fileContent)" [_thread_blocked, id=6068, stack(0x00000093d1100000,0x00000093d1200000)]
  0x00000288cbcc8f20 JavaThread "Cache worker for cache directory md-rule (C:\Users\Lenovo\.gradle\caches\8.3\md-rule)" [_thread_blocked, id=15620, stack(0x00000093d1200000,0x00000093d1300000)]
  0x00000288cbccb290 JavaThread "Cache worker for execution history cache (C:\Users\Lenovo\.gradle\caches\8.3\executionHistory)" [_thread_blocked, id=15420, stack(0x00000093d1300000,0x00000093d1400000)]
  0x00000288cbcc9430 JavaThread "jar transforms" [_thread_blocked, id=13152, stack(0x00000093d1500000,0x00000093d1600000)]
  0x00000288cbcc9940 JavaThread "jar transforms Thread 2" [_thread_blocked, id=12016, stack(0x00000093d1600000,0x00000093d1700000)]
  0x00000288cbcc9e50 JavaThread "Cache worker for kotlin-dsl (C:\Users\Lenovo\.gradle\caches\8.3\kotlin-dsl)" [_thread_blocked, id=9616, stack(0x00000093d1700000,0x00000093d1800000)]
  0x00000288cbcca360 JavaThread "Unconstrained build operations" [_thread_blocked, id=13932, stack(0x00000093ce900000,0x00000093cea00000)]
  0x00000288cbcc8a10 JavaThread "Cache worker for dependencies-accessors (C:\Users\Lenovo\Documents\Semester 6\Mobile Application Developer\AwesomeProject\android\.gradle\8.3\dependencies-accessors)" [_thread_blocked, id=7340, stack(0x00000093cea00000,0x00000093ceb00000)]
  0x00000288cbccd600 JavaThread "Cache worker for Build Output Cleanup Cache (C:\Users\Lenovo\Documents\Semester 6\Mobile Application Developer\AwesomeProject\node_modules\@react-native\gradle-plugin\.gradle\buildOutputCleanup)" [_thread_blocked, id=12884, stack(0x00000093d1900000,0x00000093d1a00000)]
  0x00000288cbccdb10 JavaThread "Unconstrained build operations Thread 2" [_thread_blocked, id=15020, stack(0x00000093d1a00000,0x00000093d1b00000)]
  0x00000288cbcce020 JavaThread "Memory manager" [_thread_blocked, id=14692, stack(0x00000093d1b00000,0x00000093d1c00000)]
  0x00000288cbccad80 JavaThread "Cache worker for Build Output Cleanup Cache (C:\Users\Lenovo\Documents\Semester 6\Mobile Application Developer\AwesomeProject\android\.gradle\buildOutputCleanup)" [_thread_blocked, id=13860, stack(0x00000093d1c00000,0x00000093d1d00000)]
  0x00000288cbcc75d0 JavaThread "ForkJoinPool.commonPool-worker-1" daemon [_thread_blocked, id=11392, stack(0x00000093d1d00000,0x00000093d1e00000)]
  0x00000288cbccef50 JavaThread "Exec process" [_thread_blocked, id=14312, stack(0x00000093d1e00000,0x00000093d1f00000)]
  0x00000288cbcc7ae0 JavaThread "Exec process Thread 2" [_thread_blocked, id=7656, stack(0x00000093d1f00000,0x00000093d2000000)]
  0x00000288cbcc7ff0 JavaThread "Exec process Thread 3" [_thread_blocked, id=14308, stack(0x00000093d2000000,0x00000093d2100000)]
  0x00000288ee54bde0 JavaThread "included builds" [_thread_in_native, id=12512, stack(0x00000093d2100000,0x00000093d2200000)]
  0x00000288ee549a70 JavaThread "Execution worker" [_thread_blocked, id=7312, stack(0x00000093d2200000,0x00000093d2300000)]
  0x00000288ee54e660 JavaThread "Cache worker for execution history cache (C:\Users\Lenovo\Documents\Semester 6\Mobile Application Developer\AwesomeProject\node_modules\@react-native\gradle-plugin\.gradle\8.3\executionHistory)" [_thread_blocked, id=10188, stack(0x00000093d2300000,0x00000093d2400000)]
  0x00000288ee5504c0 JavaThread "Unconstrained build operations Thread 3" [_thread_blocked, id=10012, stack(0x00000093d2400000,0x00000093d2500000)]
  0x00000288ee54d730 JavaThread "Unconstrained build operations Thread 4" [_thread_blocked, id=10844, stack(0x00000093d2500000,0x00000093d2600000)]
  0x00000288ee54e150 JavaThread "Unconstrained build operations Thread 5" [_thread_blocked, id=9600, stack(0x00000093d2600000,0x00000093d2700000)]
  0x00000288ee549f80 JavaThread "Unconstrained build operations Thread 6" [_thread_blocked, id=5852, stack(0x00000093d2700000,0x00000093d2800000)]
  0x00000288ee54eb70 JavaThread "Unconstrained build operations Thread 7" [_thread_blocked, id=13888, stack(0x00000093d2800000,0x00000093d2900000)]
  0x00000288ee54a9a0 JavaThread "Unconstrained build operations Thread 8" [_thread_blocked, id=12156, stack(0x00000093d2900000,0x00000093d2a00000)]
  0x00000288ee5509d0 JavaThread "Unconstrained build operations Thread 9" [_thread_blocked, id=13620, stack(0x00000093d2c00000,0x00000093d2d00000)]
  0x00000288ee54d220 JavaThread "Unconstrained build operations Thread 10" [_thread_blocked, id=16092, stack(0x00000093d2d00000,0x00000093d2e00000)]
  0x00000288ee54aeb0 JavaThread "Unconstrained build operations Thread 11" [_thread_blocked, id=9956, stack(0x00000093d2e00000,0x00000093d2f00000)]
  0x00000288ee54dc40 JavaThread "Unconstrained build operations Thread 12" [_thread_blocked, id=15504, stack(0x00000093d2f00000,0x00000093d3000000)]
  0x00000288ee54f080 JavaThread "Unconstrained build operations Thread 13" [_thread_blocked, id=520, stack(0x00000093d3000000,0x00000093d3100000)]
  0x00000288ee54f590 JavaThread "Unconstrained build operations Thread 14" [_thread_blocked, id=7348, stack(0x00000093d3100000,0x00000093d3200000)]
  0x00000288ee54faa0 JavaThread "Unconstrained build operations Thread 15" [_thread_blocked, id=14772, stack(0x00000093d3200000,0x00000093d3300000)]
  0x00000288ee549560 JavaThread "Unconstrained build operations Thread 16" [_thread_blocked, id=12424, stack(0x00000093d3300000,0x00000093d3400000)]
  0x00000288ee54ffb0 JavaThread "Unconstrained build operations Thread 17" [_thread_blocked, id=6916, stack(0x00000093d3400000,0x00000093d3500000)]
  0x00000288cbccea40 JavaThread "Unconstrained build operations Thread 18" [_thread_blocked, id=13528, stack(0x00000093d3500000,0x00000093d3600000)]
  0x00000288f07339c0 JavaThread "Cache worker for execution history cache (C:\Users\Lenovo\Documents\Semester 6\Mobile Application Developer\AwesomeProject\android\.gradle\8.3\executionHistory)" [_thread_blocked, id=13032, stack(0x00000093d3600000,0x00000093d3700000)]
  0x00000288f0738fd0 JavaThread "Unconstrained build operations Thread 19" [_thread_blocked, id=4552, stack(0x00000093d3700000,0x00000093d3800000)]

Other Threads:
  0x00000288cb72e050 VMThread "VM Thread" [stack: 0x00000093cf100000,0x00000093cf200000] [id=15824]
  0x00000288ae0736c0 WatcherThread [stack: 0x00000093cfd00000,0x00000093cfe00000] [id=13980]
  0x00000288ae0cf4f0 GCTaskThread "GC Thread#0" [stack: 0x00000093cec00000,0x00000093ced00000] [id=16056]
  0x00000288cb978c30 GCTaskThread "GC Thread#1" [stack: 0x00000093cfe00000,0x00000093cff00000] [id=14572]
  0x00000288ae0e1360 ConcurrentGCThread "G1 Main Marker" [stack: 0x00000093ced00000,0x00000093cee00000] [id=15516]
  0x00000288ae0e1c80 ConcurrentGCThread "G1 Conc#0" [stack: 0x00000093cee00000,0x00000093cef00000] [id=9596]
  0x00000288cb5f0090 ConcurrentGCThread "G1 Refine#0" [stack: 0x00000093cef00000,0x00000093cf000000] [id=15352]
  0x00000288ed522690 ConcurrentGCThread "G1 Refine#1" [stack: 0x00000093d1400000,0x00000093d1500000] [id=14300]
  0x00000288cb5f09d0 ConcurrentGCThread "G1 Service" [stack: 0x00000093cf000000,0x00000093cf100000] [id=2156]

Threads with active compile tasks:
C2 CompilerThread0   289226 14733   !   4       org.gradle.cache.internal.DefaultMultiProcessSafeIndexedCache::getIfPresent (25 bytes)

VM state: not at safepoint (normal execution)

VM Mutex/Monitor currently owned by a thread: None

Heap address: 0x0000000080000000, size: 2048 MB, Compressed Oops mode: 32-bit

CDS archive(s) mapped at: [0x00000288cc000000-0x00000288ccbd0000-0x00000288ccbd0000), size 12386304, SharedBaseAddress: 0x00000288cc000000, ArchiveRelocationMode: 1.
Compressed class space mapped at: 0x00000288cd000000-0x00000288e7000000, reserved size: 436207616
Narrow klass base: 0x00000288cc000000, Narrow klass shift: 0, Narrow klass range: 0x100000000

GC Precious Log:
 CPUs: 2 total, 2 available
 Memory: 6020M
 Large Page Support: Disabled
 NUMA Support: Disabled
 Compressed Oops: Enabled (32-bit)
 Heap Region Size: 1M
 Heap Min Capacity: 8M
 Heap Initial Capacity: 96M
 Heap Max Capacity: 2G
 Pre-touch: Disabled
 Parallel Workers: 2
 Concurrent Workers: 1
 Concurrent Refinement Workers: 2
 Periodic GC: Disabled

Heap:
 garbage-first heap   total 245760K, used 159144K [0x0000000080000000, 0x0000000100000000)
  region size 1024K, 8 young (8192K), 7 survivors (7168K)
 Metaspace       used 103197K, committed 104128K, reserved 557056K
  class space    used 14306K, committed 14720K, reserved 425984K

Heap Regions: E=young(eden), S=young(survivor), O=old, HS=humongous(starts), HC=humongous(continues), CS=collection set, F=free, OA=open archive, CA=closed archive, TAMS=top-at-mark-start (previous, next)
|   0|0x0000000080000000, 0x0000000080100000, 0x0000000080100000|100%| O|  |TAMS 0x0000000080100000, 0x0000000080000000| Untracked 
|   1|0x0000000080100000, 0x0000000080200000, 0x0000000080200000|100%| O|  |TAMS 0x0000000080200000, 0x0000000080100000| Untracked 
|   2|0x0000000080200000, 0x0000000080300000, 0x0000000080300000|100%|HS|  |TAMS 0x0000000080300000, 0x0000000080200000| Complete 
|   3|0x0000000080300000, 0x0000000080400000, 0x0000000080400000|100%|HC|  |TAMS 0x0000000080400000, 0x0000000080300000| Complete 
|   4|0x0000000080400000, 0x0000000080500000, 0x0000000080500000|100%|HC|  |TAMS 0x0000000080500000, 0x0000000080400000| Complete 
|   5|0x0000000080500000, 0x0000000080600000, 0x0000000080600000|100%|HC|  |TAMS 0x0000000080600000, 0x0000000080500000| Complete 
|   6|0x0000000080600000, 0x0000000080700000, 0x0000000080700000|100%| O|  |TAMS 0x0000000080700000, 0x0000000080600000| Untracked 
|   7|0x0000000080700000, 0x0000000080800000, 0x0000000080800000|100%| O|  |TAMS 0x0000000080800000, 0x0000000080700000| Untracked 
|   8|0x0000000080800000, 0x0000000080900000, 0x0000000080900000|100%| O|  |TAMS 0x0000000080900000, 0x0000000080800000| Untracked 
|   9|0x0000000080900000, 0x0000000080a00000, 0x0000000080a00000|100%| O|  |TAMS 0x0000000080a00000, 0x0000000080900000| Untracked 
|  10|0x0000000080a00000, 0x0000000080b00000, 0x0000000080b00000|100%| O|  |TAMS 0x0000000080b00000, 0x0000000080a00000| Untracked 
|  11|0x0000000080b00000, 0x0000000080c00000, 0x0000000080c00000|100%| O|  |TAMS 0x0000000080c00000, 0x0000000080b00000| Untracked 
|  12|0x0000000080c00000, 0x0000000080d00000, 0x0000000080d00000|100%| O|  |TAMS 0x0000000080d00000, 0x0000000080c00000| Untracked 
|  13|0x0000000080d00000, 0x0000000080e00000, 0x0000000080e00000|100%| O|  |TAMS 0x0000000080e00000, 0x0000000080d00000| Untracked 
|  14|0x0000000080e00000, 0x0000000080f00000, 0x0000000080f00000|100%| O|  |TAMS 0x0000000080f00000, 0x0000000080e00000| Untracked 
|  15|0x0000000080f00000, 0x0000000081000000, 0x0000000081000000|100%| O|  |TAMS 0x0000000081000000, 0x0000000080f00000| Untracked 
|  16|0x0000000081000000, 0x0000000081100000, 0x0000000081100000|100%| O|  |TAMS 0x0000000081100000, 0x0000000081000000| Untracked 
|  17|0x0000000081100000, 0x0000000081200000, 0x0000000081200000|100%| O|  |TAMS 0x0000000081200000, 0x0000000081100000| Untracked 
|  18|0x0000000081200000, 0x00000000812c4200, 0x0000000081300000| 76%| O|  |TAMS 0x00000000812c4200, 0x0000000081200000| Untracked 
|  19|0x0000000081300000, 0x0000000081400000, 0x0000000081400000|100%| O|  |TAMS 0x0000000081400000, 0x0000000081300000| Untracked 
|  20|0x0000000081400000, 0x0000000081500000, 0x0000000081500000|100%| O|  |TAMS 0x0000000081500000, 0x0000000081400000| Untracked 
|  21|0x0000000081500000, 0x0000000081600000, 0x0000000081600000|100%| O|  |TAMS 0x0000000081600000, 0x0000000081500000| Untracked 
|  22|0x0000000081600000, 0x0000000081700000, 0x0000000081700000|100%| O|  |TAMS 0x0000000081700000, 0x0000000081600000| Untracked 
|  23|0x0000000081700000, 0x0000000081800000, 0x0000000081800000|100%| O|  |TAMS 0x0000000081800000, 0x0000000081700000| Untracked 
|  24|0x0000000081800000, 0x0000000081900000, 0x0000000081900000|100%| O|  |TAMS 0x0000000081900000, 0x0000000081800000| Untracked 
|  25|0x0000000081900000, 0x0000000081a00000, 0x0000000081a00000|100%| O|  |TAMS 0x0000000081a00000, 0x0000000081900000| Untracked 
|  26|0x0000000081a00000, 0x0000000081b00000, 0x0000000081b00000|100%| O|  |TAMS 0x0000000081a00000, 0x0000000081a00000| Untracked 
|  27|0x0000000081b00000, 0x0000000081c00000, 0x0000000081c00000|100%| O|  |TAMS 0x0000000081c00000, 0x0000000081b00000| Untracked 
|  28|0x0000000081c00000, 0x0000000081d00000, 0x0000000081d00000|100%| O|  |TAMS 0x0000000081d00000, 0x0000000081c00000| Untracked 
|  29|0x0000000081d00000, 0x0000000081e00000, 0x0000000081e00000|100%| O|  |TAMS 0x0000000081e00000, 0x0000000081d00000| Untracked 
|  30|0x0000000081e00000, 0x0000000081f00000, 0x0000000081f00000|100%| O|  |TAMS 0x0000000081f00000, 0x0000000081e00000| Untracked 
|  31|0x0000000081f00000, 0x0000000082000000, 0x0000000082000000|100%| O|  |TAMS 0x0000000082000000, 0x0000000081f00000| Untracked 
|  32|0x0000000082000000, 0x0000000082100000, 0x0000000082100000|100%| O|  |TAMS 0x0000000082100000, 0x0000000082000000| Untracked 
|  33|0x0000000082100000, 0x0000000082200000, 0x0000000082200000|100%|HS|  |TAMS 0x0000000082100000, 0x0000000082100000| Complete 
|  34|0x0000000082200000, 0x0000000082300000, 0x0000000082300000|100%| O|  |TAMS 0x0000000082300000, 0x0000000082200000| Untracked 
|  35|0x0000000082300000, 0x0000000082400000, 0x0000000082400000|100%| O|  |TAMS 0x0000000082400000, 0x0000000082300000| Untracked 
|  36|0x0000000082400000, 0x0000000082500000, 0x0000000082500000|100%| O|  |TAMS 0x0000000082500000, 0x0000000082400000| Untracked 
|  37|0x0000000082500000, 0x0000000082600000, 0x0000000082600000|100%| O|  |TAMS 0x0000000082600000, 0x0000000082500000| Untracked 
|  38|0x0000000082600000, 0x0000000082700000, 0x0000000082700000|100%| O|  |TAMS 0x0000000082700000, 0x0000000082600000| Untracked 
|  39|0x0000000082700000, 0x0000000082800000, 0x0000000082800000|100%|HS|  |TAMS 0x0000000082800000, 0x0000000082700000| Complete 
|  40|0x0000000082800000, 0x0000000082900000, 0x0000000082900000|100%|HC|  |TAMS 0x0000000082900000, 0x0000000082800000| Complete 
|  41|0x0000000082900000, 0x0000000082a00000, 0x0000000082a00000|100%|HS|  |TAMS 0x0000000082a00000, 0x0000000082900000| Complete 
|  42|0x0000000082a00000, 0x0000000082b00000, 0x0000000082b00000|100%|HC|  |TAMS 0x0000000082b00000, 0x0000000082a00000| Complete 
|  43|0x0000000082b00000, 0x0000000082c00000, 0x0000000082c00000|100%|HS|  |TAMS 0x0000000082c00000, 0x0000000082b00000| Complete 
|  44|0x0000000082c00000, 0x0000000082d00000, 0x0000000082d00000|100%|HC|  |TAMS 0x0000000082d00000, 0x0000000082c00000| Complete 
|  45|0x0000000082d00000, 0x0000000082e00000, 0x0000000082e00000|100%|HC|  |TAMS 0x0000000082e00000, 0x0000000082d00000| Complete 
|  46|0x0000000082e00000, 0x0000000082f00000, 0x0000000082f00000|100%|HC|  |TAMS 0x0000000082f00000, 0x0000000082e00000| Complete 
|  47|0x0000000082f00000, 0x0000000083000000, 0x0000000083000000|100%| O|  |TAMS 0x0000000083000000, 0x0000000082f00000| Untracked 
|  48|0x0000000083000000, 0x0000000083100000, 0x0000000083100000|100%| O|  |TAMS 0x0000000083100000, 0x0000000083000000| Untracked 
|  49|0x0000000083100000, 0x0000000083200000, 0x0000000083200000|100%| O|  |TAMS 0x0000000083200000, 0x0000000083100000| Untracked 
|  50|0x0000000083200000, 0x0000000083300000, 0x0000000083300000|100%| O|  |TAMS 0x0000000083300000, 0x0000000083200000| Untracked 
|  51|0x0000000083300000, 0x0000000083400000, 0x0000000083400000|100%| O|  |TAMS 0x0000000083400000, 0x0000000083300000| Untracked 
|  52|0x0000000083400000, 0x0000000083500000, 0x0000000083500000|100%| O|  |TAMS 0x0000000083500000, 0x0000000083400000| Untracked 
|  53|0x0000000083500000, 0x0000000083600000, 0x0000000083600000|100%|HS|  |TAMS 0x0000000083600000, 0x0000000083500000| Complete 
|  54|0x0000000083600000, 0x0000000083700000, 0x0000000083700000|100%|HC|  |TAMS 0x0000000083700000, 0x0000000083600000| Complete 
|  55|0x0000000083700000, 0x0000000083800000, 0x0000000083800000|100%|HC|  |TAMS 0x0000000083800000, 0x0000000083700000| Complete 
|  56|0x0000000083800000, 0x0000000083900000, 0x0000000083900000|100%|HC|  |TAMS 0x0000000083900000, 0x0000000083800000| Complete 
|  57|0x0000000083900000, 0x0000000083a00000, 0x0000000083a00000|100%| O|  |TAMS 0x0000000083a00000, 0x0000000083900000| Untracked 
|  58|0x0000000083a00000, 0x0000000083b00000, 0x0000000083b00000|100%| O|  |TAMS 0x0000000083b00000, 0x0000000083a00000| Untracked 
|  59|0x0000000083b00000, 0x0000000083c00000, 0x0000000083c00000|100%| O|  |TAMS 0x0000000083b7d600, 0x0000000083b00000| Untracked 
|  60|0x0000000083c00000, 0x0000000083d00000, 0x0000000083d00000|100%| O|  |TAMS 0x0000000083c00000, 0x0000000083c00000| Untracked 
|  61|0x0000000083d00000, 0x0000000083e00000, 0x0000000083e00000|100%| O|  |TAMS 0x0000000083d00000, 0x0000000083d00000| Untracked 
|  62|0x0000000083e00000, 0x0000000083f00000, 0x0000000083f00000|100%| O|  |TAMS 0x0000000083e00000, 0x0000000083e00000| Untracked 
|  63|0x0000000083f00000, 0x0000000084000000, 0x0000000084000000|100%| O|  |TAMS 0x0000000083f00000, 0x0000000083f00000| Untracked 
|  64|0x0000000084000000, 0x0000000084100000, 0x0000000084100000|100%| O|  |TAMS 0x0000000084000000, 0x0000000084000000| Untracked 
|  65|0x0000000084100000, 0x0000000084200000, 0x0000000084200000|100%|HS|  |TAMS 0x0000000084100000, 0x0000000084100000| Complete 
|  66|0x0000000084200000, 0x0000000084300000, 0x0000000084300000|100%|HS|  |TAMS 0x0000000084200000, 0x0000000084200000| Complete 
|  67|0x0000000084300000, 0x0000000084400000, 0x0000000084400000|100%| O|  |TAMS 0x0000000084300000, 0x0000000084300000| Untracked 
|  68|0x0000000084400000, 0x0000000084500000, 0x0000000084500000|100%|HS|  |TAMS 0x0000000084400000, 0x0000000084400000| Complete 
|  69|0x0000000084500000, 0x0000000084600000, 0x0000000084600000|100%| O|  |TAMS 0x0000000084500000, 0x0000000084500000| Untracked 
|  70|0x0000000084600000, 0x0000000084700000, 0x0000000084700000|100%| O|  |TAMS 0x0000000084600000, 0x0000000084600000| Untracked 
|  71|0x0000000084700000, 0x0000000084800000, 0x0000000084800000|100%| O|  |TAMS 0x0000000084700000, 0x0000000084700000| Untracked 
|  72|0x0000000084800000, 0x0000000084900000, 0x0000000084900000|100%| O|  |TAMS 0x0000000084800000, 0x0000000084800000| Untracked 
|  73|0x0000000084900000, 0x0000000084a00000, 0x0000000084a00000|100%| O|  |TAMS 0x0000000084900000, 0x0000000084900000| Untracked 
|  74|0x0000000084a00000, 0x0000000084b00000, 0x0000000084b00000|100%| O|  |TAMS 0x0000000084a00000, 0x0000000084a00000| Untracked 
|  75|0x0000000084b00000, 0x0000000084c00000, 0x0000000084c00000|100%| O|  |TAMS 0x0000000084b00000, 0x0000000084b00000| Untracked 
|  76|0x0000000084c00000, 0x0000000084d00000, 0x0000000084d00000|100%| O|  |TAMS 0x0000000084c00000, 0x0000000084c00000| Untracked 
|  77|0x0000000084d00000, 0x0000000084e00000, 0x0000000084e00000|100%| O|  |TAMS 0x0000000084d00000, 0x0000000084d00000| Untracked 
|  78|0x0000000084e00000, 0x0000000084f00000, 0x0000000084f00000|100%| O|  |TAMS 0x0000000084e00000, 0x0000000084e00000| Untracked 
|  79|0x0000000084f00000, 0x0000000085000000, 0x0000000085000000|100%| O|  |TAMS 0x0000000084f00000, 0x0000000084f00000| Untracked 
|  80|0x0000000085000000, 0x0000000085100000, 0x0000000085100000|100%| O|  |TAMS 0x0000000085000000, 0x0000000085000000| Untracked 
|  81|0x0000000085100000, 0x0000000085200000, 0x0000000085200000|100%| O|  |TAMS 0x0000000085100000, 0x0000000085100000| Untracked 
|  82|0x0000000085200000, 0x0000000085300000, 0x0000000085300000|100%| O|  |TAMS 0x0000000085200000, 0x0000000085200000| Untracked 
|  83|0x0000000085300000, 0x0000000085400000, 0x0000000085400000|100%| O|  |TAMS 0x0000000085300000, 0x0000000085300000| Untracked 
|  84|0x0000000085400000, 0x0000000085500000, 0x0000000085500000|100%| O|  |TAMS 0x0000000085400000, 0x0000000085400000| Untracked 
|  85|0x0000000085500000, 0x0000000085600000, 0x0000000085600000|100%| O|  |TAMS 0x0000000085500000, 0x0000000085500000| Untracked 
|  86|0x0000000085600000, 0x0000000085700000, 0x0000000085700000|100%| O|  |TAMS 0x0000000085600000, 0x0000000085600000| Untracked 
|  87|0x0000000085700000, 0x0000000085800000, 0x0000000085800000|100%| O|  |TAMS 0x0000000085700000, 0x0000000085700000| Untracked 
|  88|0x0000000085800000, 0x0000000085900000, 0x0000000085900000|100%| O|  |TAMS 0x0000000085800000, 0x0000000085800000| Untracked 
|  89|0x0000000085900000, 0x0000000085a00000, 0x0000000085a00000|100%| O|  |TAMS 0x0000000085900000, 0x0000000085900000| Untracked 
|  90|0x0000000085a00000, 0x0000000085b00000, 0x0000000085b00000|100%|HS|  |TAMS 0x0000000085a00000, 0x0000000085a00000| Complete 
|  91|0x0000000085b00000, 0x0000000085c00000, 0x0000000085c00000|100%|HS|  |TAMS 0x0000000085b00000, 0x0000000085b00000| Complete 
|  92|0x0000000085c00000, 0x0000000085d00000, 0x0000000085d00000|100%|HS|  |TAMS 0x0000000085c00000, 0x0000000085c00000| Complete 
|  93|0x0000000085d00000, 0x0000000085e00000, 0x0000000085e00000|100%|HC|  |TAMS 0x0000000085d00000, 0x0000000085d00000| Complete 
|  94|0x0000000085e00000, 0x0000000085f00000, 0x0000000085f00000|100%| O|  |TAMS 0x0000000085e00000, 0x0000000085e00000| Untracked 
|  95|0x0000000085f00000, 0x0000000086000000, 0x0000000086000000|100%| O|  |TAMS 0x0000000085f00000, 0x0000000085f00000| Untracked 
|  96|0x0000000086000000, 0x0000000086100000, 0x0000000086100000|100%| O|  |TAMS 0x0000000086000000, 0x0000000086000000| Untracked 
|  97|0x0000000086100000, 0x0000000086200000, 0x0000000086200000|100%| O|  |TAMS 0x0000000086100000, 0x0000000086100000| Untracked 
|  98|0x0000000086200000, 0x0000000086300000, 0x0000000086300000|100%| O|  |TAMS 0x0000000086200000, 0x0000000086200000| Untracked 
|  99|0x0000000086300000, 0x0000000086400000, 0x0000000086400000|100%| O|  |TAMS 0x0000000086300000, 0x0000000086300000| Untracked 
| 100|0x0000000086400000, 0x0000000086500000, 0x0000000086500000|100%| O|  |TAMS 0x0000000086400000, 0x0000000086400000| Untracked 
| 101|0x0000000086500000, 0x0000000086600000, 0x0000000086600000|100%| O|  |TAMS 0x0000000086500000, 0x0000000086500000| Untracked 
| 102|0x0000000086600000, 0x0000000086700000, 0x0000000086700000|100%| O|  |TAMS 0x0000000086600000, 0x0000000086600000| Untracked 
| 103|0x0000000086700000, 0x0000000086800000, 0x0000000086800000|100%|HS|  |TAMS 0x0000000086700000, 0x0000000086700000| Complete 
| 104|0x0000000086800000, 0x0000000086900000, 0x0000000086900000|100%|HS|  |TAMS 0x0000000086800000, 0x0000000086800000| Complete 
| 105|0x0000000086900000, 0x0000000086a00000, 0x0000000086a00000|100%|HS|  |TAMS 0x0000000086900000, 0x0000000086900000| Complete 
| 106|0x0000000086a00000, 0x0000000086b00000, 0x0000000086b00000|100%| O|  |TAMS 0x0000000086a00000, 0x0000000086a00000| Untracked 
| 107|0x0000000086b00000, 0x0000000086c00000, 0x0000000086c00000|100%| O|  |TAMS 0x0000000086b00000, 0x0000000086b00000| Untracked 
| 108|0x0000000086c00000, 0x0000000086d00000, 0x0000000086d00000|100%| O|  |TAMS 0x0000000086c00000, 0x0000000086c00000| Untracked 
| 109|0x0000000086d00000, 0x0000000086e00000, 0x0000000086e00000|100%| O|  |TAMS 0x0000000086d00000, 0x0000000086d00000| Untracked 
| 110|0x0000000086e00000, 0x0000000086f00000, 0x0000000086f00000|100%| O|  |TAMS 0x0000000086e00000, 0x0000000086e00000| Untracked 
| 111|0x0000000086f00000, 0x0000000087000000, 0x0000000087000000|100%| O|  |TAMS 0x0000000086f00000, 0x0000000086f00000| Untracked 
| 112|0x0000000087000000, 0x0000000087100000, 0x0000000087100000|100%| O|  |TAMS 0x0000000087000000, 0x0000000087000000| Untracked 
| 113|0x0000000087100000, 0x0000000087200000, 0x0000000087200000|100%| O|  |TAMS 0x0000000087100000, 0x0000000087100000| Untracked 
| 114|0x0000000087200000, 0x0000000087300000, 0x0000000087300000|100%| O|  |TAMS 0x0000000087200000, 0x0000000087200000| Untracked 
| 115|0x0000000087300000, 0x0000000087400000, 0x0000000087400000|100%| O|  |TAMS 0x0000000087300000, 0x0000000087300000| Untracked 
| 116|0x0000000087400000, 0x0000000087500000, 0x0000000087500000|100%| O|  |TAMS 0x0000000087400000, 0x0000000087400000| Untracked 
| 117|0x0000000087500000, 0x0000000087600000, 0x0000000087600000|100%| O|  |TAMS 0x0000000087500000, 0x0000000087500000| Untracked 
| 118|0x0000000087600000, 0x0000000087700000, 0x0000000087700000|100%| O|  |TAMS 0x0000000087600000, 0x0000000087600000| Untracked 
| 119|0x0000000087700000, 0x0000000087800000, 0x0000000087800000|100%| O|  |TAMS 0x0000000087700000, 0x0000000087700000| Untracked 
| 120|0x0000000087800000, 0x0000000087900000, 0x0000000087900000|100%| O|  |TAMS 0x0000000087800000, 0x0000000087800000| Untracked 
| 121|0x0000000087900000, 0x0000000087a00000, 0x0000000087a00000|100%| O|  |TAMS 0x0000000087900000, 0x0000000087900000| Untracked 
| 122|0x0000000087a00000, 0x0000000087b00000, 0x0000000087b00000|100%| O|  |TAMS 0x0000000087a00000, 0x0000000087a00000| Untracked 
| 123|0x0000000087b00000, 0x0000000087c00000, 0x0000000087c00000|100%| O|  |TAMS 0x0000000087b00000, 0x0000000087b00000| Untracked 
| 124|0x0000000087c00000, 0x0000000087d00000, 0x0000000087d00000|100%| O|  |TAMS 0x0000000087c00000, 0x0000000087c00000| Untracked 
| 125|0x0000000087d00000, 0x0000000087e00000, 0x0000000087e00000|100%| O|  |TAMS 0x0000000087d00000, 0x0000000087d00000| Untracked 
| 126|0x0000000087e00000, 0x0000000087f00000, 0x0000000087f00000|100%| O|  |TAMS 0x0000000087e00000, 0x0000000087e00000| Untracked 
| 127|0x0000000087f00000, 0x0000000088000000, 0x0000000088000000|100%| O|  |TAMS 0x0000000087f00000, 0x0000000087f00000| Untracked 
| 128|0x0000000088000000, 0x0000000088100000, 0x0000000088100000|100%| O|  |TAMS 0x0000000088000000, 0x0000000088000000| Untracked 
| 129|0x0000000088100000, 0x0000000088200000, 0x0000000088200000|100%| O|  |TAMS 0x0000000088100000, 0x0000000088100000| Untracked 
| 130|0x0000000088200000, 0x0000000088300000, 0x0000000088300000|100%| O|  |TAMS 0x0000000088200000, 0x0000000088200000| Untracked 
| 131|0x0000000088300000, 0x0000000088400000, 0x0000000088400000|100%| O|  |TAMS 0x0000000088300000, 0x0000000088300000| Untracked 
| 132|0x0000000088400000, 0x0000000088500000, 0x0000000088500000|100%| O|  |TAMS 0x0000000088400000, 0x0000000088400000| Untracked 
| 133|0x0000000088500000, 0x0000000088600000, 0x0000000088600000|100%| O|  |TAMS 0x0000000088500000, 0x0000000088500000| Untracked 
| 134|0x0000000088600000, 0x0000000088700000, 0x0000000088700000|100%| O|  |TAMS 0x0000000088600000, 0x0000000088600000| Untracked 
| 135|0x0000000088700000, 0x0000000088800000, 0x0000000088800000|100%| O|  |TAMS 0x0000000088700000, 0x0000000088700000| Untracked 
| 136|0x0000000088800000, 0x0000000088900000, 0x0000000088900000|100%| O|  |TAMS 0x0000000088800000, 0x0000000088800000| Untracked 
| 137|0x0000000088900000, 0x0000000088a00000, 0x0000000088a00000|100%| O|  |TAMS 0x0000000088900000, 0x0000000088900000| Untracked 
| 138|0x0000000088a00000, 0x0000000088b00000, 0x0000000088b00000|100%| O|  |TAMS 0x0000000088a00000, 0x0000000088a00000| Untracked 
| 139|0x0000000088b00000, 0x0000000088c00000, 0x0000000088c00000|100%| O|  |TAMS 0x0000000088b00000, 0x0000000088b00000| Untracked 
| 140|0x0000000088c00000, 0x0000000088d00000, 0x0000000088d00000|100%| O|  |TAMS 0x0000000088c00000, 0x0000000088c00000| Untracked 
| 141|0x0000000088d00000, 0x0000000088e00000, 0x0000000088e00000|100%| O|  |TAMS 0x0000000088d00000, 0x0000000088d00000| Untracked 
| 142|0x0000000088e00000, 0x0000000088f00000, 0x0000000088f00000|100%| O|  |TAMS 0x0000000088e00000, 0x0000000088e00000| Untracked 
| 143|0x0000000088f00000, 0x0000000089000000, 0x0000000089000000|100%| O|  |TAMS 0x0000000088f00000, 0x0000000088f00000| Untracked 
| 144|0x0000000089000000, 0x0000000089100000, 0x0000000089100000|100%| O|  |TAMS 0x0000000089000000, 0x0000000089000000| Untracked 
| 145|0x0000000089100000, 0x0000000089200000, 0x0000000089200000|100%| O|  |TAMS 0x0000000089100000, 0x0000000089100000| Untracked 
| 146|0x0000000089200000, 0x0000000089300000, 0x0000000089300000|100%| O|  |TAMS 0x0000000089200000, 0x0000000089200000| Untracked 
| 147|0x0000000089300000, 0x0000000089400000, 0x0000000089400000|100%| O|  |TAMS 0x0000000089300000, 0x0000000089300000| Untracked 
| 148|0x0000000089400000, 0x0000000089500000, 0x0000000089500000|100%| O|  |TAMS 0x0000000089400000, 0x0000000089400000| Untracked 
| 149|0x0000000089500000, 0x0000000089500000, 0x0000000089600000|  0%| F|  |TAMS 0x0000000089500000, 0x0000000089500000| Untracked 
| 150|0x0000000089600000, 0x0000000089600000, 0x0000000089700000|  0%| F|  |TAMS 0x0000000089600000, 0x0000000089600000| Untracked 
| 151|0x0000000089700000, 0x0000000089700000, 0x0000000089800000|  0%| F|  |TAMS 0x0000000089700000, 0x0000000089700000| Untracked 
| 152|0x0000000089800000, 0x0000000089800000, 0x0000000089900000|  0%| F|  |TAMS 0x0000000089800000, 0x0000000089800000| Untracked 
| 153|0x0000000089900000, 0x0000000089900000, 0x0000000089a00000|  0%| F|  |TAMS 0x0000000089900000, 0x0000000089900000| Untracked 
| 154|0x0000000089a00000, 0x0000000089a00000, 0x0000000089b00000|  0%| F|  |TAMS 0x0000000089a00000, 0x0000000089a00000| Untracked 
| 155|0x0000000089b00000, 0x0000000089b00000, 0x0000000089c00000|  0%| F|  |TAMS 0x0000000089b00000, 0x0000000089b00000| Untracked 
| 156|0x0000000089c00000, 0x0000000089c00000, 0x0000000089d00000|  0%| F|  |TAMS 0x0000000089c00000, 0x0000000089c00000| Untracked 
| 157|0x0000000089d00000, 0x0000000089d00000, 0x0000000089e00000|  0%| F|  |TAMS 0x0000000089d00000, 0x0000000089d00000| Untracked 
| 158|0x0000000089e00000, 0x0000000089e00000, 0x0000000089f00000|  0%| F|  |TAMS 0x0000000089e00000, 0x0000000089e00000| Untracked 
| 159|0x0000000089f00000, 0x0000000089f00000, 0x000000008a000000|  0%| F|  |TAMS 0x0000000089f00000, 0x0000000089f00000| Untracked 
| 160|0x000000008a000000, 0x000000008a000000, 0x000000008a100000|  0%| F|  |TAMS 0x000000008a000000, 0x000000008a000000| Untracked 
| 161|0x000000008a100000, 0x000000008a100000, 0x000000008a200000|  0%| F|  |TAMS 0x000000008a100000, 0x000000008a100000| Untracked 
| 162|0x000000008a200000, 0x000000008a200000, 0x000000008a300000|  0%| F|  |TAMS 0x000000008a200000, 0x000000008a200000| Untracked 
| 163|0x000000008a300000, 0x000000008a300000, 0x000000008a400000|  0%| F|  |TAMS 0x000000008a300000, 0x000000008a300000| Untracked 
| 164|0x000000008a400000, 0x000000008a400000, 0x000000008a500000|  0%| F|  |TAMS 0x000000008a400000, 0x000000008a400000| Untracked 
| 165|0x000000008a500000, 0x000000008a500000, 0x000000008a600000|  0%| F|  |TAMS 0x000000008a500000, 0x000000008a500000| Untracked 
| 166|0x000000008a600000, 0x000000008a600000, 0x000000008a700000|  0%| F|  |TAMS 0x000000008a600000, 0x000000008a600000| Untracked 
| 167|0x000000008a700000, 0x000000008a700000, 0x000000008a800000|  0%| F|  |TAMS 0x000000008a700000, 0x000000008a700000| Untracked 
| 168|0x000000008a800000, 0x000000008a800000, 0x000000008a900000|  0%| F|  |TAMS 0x000000008a800000, 0x000000008a800000| Untracked 
| 169|0x000000008a900000, 0x000000008a900000, 0x000000008aa00000|  0%| F|  |TAMS 0x000000008a900000, 0x000000008a900000| Untracked 
| 170|0x000000008aa00000, 0x000000008aa00000, 0x000000008ab00000|  0%| F|  |TAMS 0x000000008aa00000, 0x000000008aa00000| Untracked 
| 171|0x000000008ab00000, 0x000000008ab00000, 0x000000008ac00000|  0%| F|  |TAMS 0x000000008ab00000, 0x000000008ab00000| Untracked 
| 172|0x000000008ac00000, 0x000000008ac00000, 0x000000008ad00000|  0%| F|  |TAMS 0x000000008ac00000, 0x000000008ac00000| Untracked 
| 173|0x000000008ad00000, 0x000000008ad00000, 0x000000008ae00000|  0%| F|  |TAMS 0x000000008ad00000, 0x000000008ad00000| Untracked 
| 174|0x000000008ae00000, 0x000000008ae00000, 0x000000008af00000|  0%| F|  |TAMS 0x000000008ae00000, 0x000000008ae00000| Untracked 
| 175|0x000000008af00000, 0x000000008af00000, 0x000000008b000000|  0%| F|  |TAMS 0x000000008af00000, 0x000000008af00000| Untracked 
| 176|0x000000008b000000, 0x000000008b000000, 0x000000008b100000|  0%| F|  |TAMS 0x000000008b000000, 0x000000008b000000| Untracked 
| 177|0x000000008b100000, 0x000000008b100000, 0x000000008b200000|  0%| F|  |TAMS 0x000000008b100000, 0x000000008b100000| Untracked 
| 178|0x000000008b200000, 0x000000008b200000, 0x000000008b300000|  0%| F|  |TAMS 0x000000008b200000, 0x000000008b200000| Untracked 
| 179|0x000000008b300000, 0x000000008b300000, 0x000000008b400000|  0%| F|  |TAMS 0x000000008b300000, 0x000000008b300000| Untracked 
| 180|0x000000008b400000, 0x000000008b400000, 0x000000008b500000|  0%| F|  |TAMS 0x000000008b400000, 0x000000008b400000| Untracked 
| 181|0x000000008b500000, 0x000000008b5a61a0, 0x000000008b600000| 64%| S|CS|TAMS 0x000000008b500000, 0x000000008b500000| Complete 
| 182|0x000000008b600000, 0x000000008b700000, 0x000000008b700000|100%| S|CS|TAMS 0x000000008b600000, 0x000000008b600000| Complete 
| 183|0x000000008b700000, 0x000000008b800000, 0x000000008b800000|100%| S|CS|TAMS 0x000000008b700000, 0x000000008b700000| Complete 
| 184|0x000000008b800000, 0x000000008b900000, 0x000000008b900000|100%| S|CS|TAMS 0x000000008b800000, 0x000000008b800000| Complete 
| 185|0x000000008b900000, 0x000000008ba00000, 0x000000008ba00000|100%| S|CS|TAMS 0x000000008b900000, 0x000000008b900000| Complete 
| 186|0x000000008ba00000, 0x000000008bb00000, 0x000000008bb00000|100%| S|CS|TAMS 0x000000008ba00000, 0x000000008ba00000| Complete 
| 187|0x000000008bb00000, 0x000000008bc00000, 0x000000008bc00000|100%| S|CS|TAMS 0x000000008bb00000, 0x000000008bb00000| Complete 
| 188|0x000000008bc00000, 0x000000008bc00000, 0x000000008bd00000|  0%| F|  |TAMS 0x000000008bc00000, 0x000000008bc00000| Untracked 
| 189|0x000000008bd00000, 0x000000008bd00000, 0x000000008be00000|  0%| F|  |TAMS 0x000000008bd00000, 0x000000008bd00000| Untracked 
| 190|0x000000008be00000, 0x000000008be00000, 0x000000008bf00000|  0%| F|  |TAMS 0x000000008be00000, 0x000000008be00000| Untracked 
| 191|0x000000008bf00000, 0x000000008bf00000, 0x000000008c000000|  0%| F|  |TAMS 0x000000008bf00000, 0x000000008bf00000| Untracked 
| 192|0x000000008c000000, 0x000000008c000000, 0x000000008c100000|  0%| F|  |TAMS 0x000000008c000000, 0x000000008c000000| Untracked 
| 193|0x000000008c100000, 0x000000008c100000, 0x000000008c200000|  0%| F|  |TAMS 0x000000008c100000, 0x000000008c100000| Untracked 
| 194|0x000000008c200000, 0x000000008c200000, 0x000000008c300000|  0%| F|  |TAMS 0x000000008c200000, 0x000000008c200000| Untracked 
| 195|0x000000008c300000, 0x000000008c300000, 0x000000008c400000|  0%| F|  |TAMS 0x000000008c300000, 0x000000008c300000| Untracked 
| 196|0x000000008c400000, 0x000000008c400000, 0x000000008c500000|  0%| F|  |TAMS 0x000000008c400000, 0x000000008c400000| Untracked 
| 197|0x000000008c500000, 0x000000008c500000, 0x000000008c600000|  0%| F|  |TAMS 0x000000008c500000, 0x000000008c500000| Untracked 
| 198|0x000000008c600000, 0x000000008c600000, 0x000000008c700000|  0%| F|  |TAMS 0x000000008c600000, 0x000000008c600000| Untracked 
| 199|0x000000008c700000, 0x000000008c700000, 0x000000008c800000|  0%| F|  |TAMS 0x000000008c700000, 0x000000008c700000| Untracked 
| 200|0x000000008c800000, 0x000000008c800000, 0x000000008c900000|  0%| F|  |TAMS 0x000000008c800000, 0x000000008c800000| Untracked 
| 201|0x000000008c900000, 0x000000008c900000, 0x000000008ca00000|  0%| F|  |TAMS 0x000000008c900000, 0x000000008c900000| Untracked 
| 202|0x000000008ca00000, 0x000000008ca00000, 0x000000008cb00000|  0%| F|  |TAMS 0x000000008ca00000, 0x000000008ca00000| Untracked 
| 203|0x000000008cb00000, 0x000000008cb00000, 0x000000008cc00000|  0%| F|  |TAMS 0x000000008cb00000, 0x000000008cb00000| Untracked 
| 204|0x000000008cc00000, 0x000000008cc00000, 0x000000008cd00000|  0%| F|  |TAMS 0x000000008cc00000, 0x000000008cc00000| Untracked 
| 205|0x000000008cd00000, 0x000000008cd00000, 0x000000008ce00000|  0%| F|  |TAMS 0x000000008cd00000, 0x000000008cd00000| Untracked 
| 206|0x000000008ce00000, 0x000000008ce00000, 0x000000008cf00000|  0%| F|  |TAMS 0x000000008ce00000, 0x000000008ce00000| Untracked 
| 207|0x000000008cf00000, 0x000000008cf00000, 0x000000008d000000|  0%| F|  |TAMS 0x000000008cf00000, 0x000000008cf00000| Untracked 
| 208|0x000000008d000000, 0x000000008d000000, 0x000000008d100000|  0%| F|  |TAMS 0x000000008d000000, 0x000000008d000000| Untracked 
| 209|0x000000008d100000, 0x000000008d100000, 0x000000008d200000|  0%| F|  |TAMS 0x000000008d100000, 0x000000008d100000| Untracked 
| 210|0x000000008d200000, 0x000000008d200000, 0x000000008d300000|  0%| F|  |TAMS 0x000000008d200000, 0x000000008d200000| Untracked 
| 211|0x000000008d300000, 0x000000008d300000, 0x000000008d400000|  0%| F|  |TAMS 0x000000008d300000, 0x000000008d300000| Untracked 
| 212|0x000000008d400000, 0x000000008d400000, 0x000000008d500000|  0%| F|  |TAMS 0x000000008d400000, 0x000000008d400000| Untracked 
| 213|0x000000008d500000, 0x000000008d500000, 0x000000008d600000|  0%| F|  |TAMS 0x000000008d500000, 0x000000008d500000| Untracked 
| 214|0x000000008d600000, 0x000000008d600000, 0x000000008d700000|  0%| F|  |TAMS 0x000000008d600000, 0x000000008d600000| Untracked 
| 215|0x000000008d700000, 0x000000008d700000, 0x000000008d800000|  0%| F|  |TAMS 0x000000008d700000, 0x000000008d700000| Untracked 
| 216|0x000000008d800000, 0x000000008d800000, 0x000000008d900000|  0%| F|  |TAMS 0x000000008d800000, 0x000000008d800000| Untracked 
| 217|0x000000008d900000, 0x000000008d900000, 0x000000008da00000|  0%| F|  |TAMS 0x000000008d900000, 0x000000008d900000| Untracked 
| 218|0x000000008da00000, 0x000000008da00000, 0x000000008db00000|  0%| F|  |TAMS 0x000000008da00000, 0x000000008da00000| Untracked 
| 219|0x000000008db00000, 0x000000008db00000, 0x000000008dc00000|  0%| F|  |TAMS 0x000000008db00000, 0x000000008db00000| Untracked 
| 220|0x000000008dc00000, 0x000000008dc00000, 0x000000008dd00000|  0%| F|  |TAMS 0x000000008dc00000, 0x000000008dc00000| Untracked 
| 221|0x000000008dd00000, 0x000000008dd00000, 0x000000008de00000|  0%| F|  |TAMS 0x000000008dd00000, 0x000000008dd00000| Untracked 
| 222|0x000000008de00000, 0x000000008de00000, 0x000000008df00000|  0%| F|  |TAMS 0x000000008de00000, 0x000000008de00000| Untracked 
| 223|0x000000008df00000, 0x000000008df00000, 0x000000008e000000|  0%| F|  |TAMS 0x000000008df00000, 0x000000008df00000| Untracked 
| 224|0x000000008e000000, 0x000000008e000000, 0x000000008e100000|  0%| F|  |TAMS 0x000000008e000000, 0x000000008e000000| Untracked 
| 225|0x000000008e100000, 0x000000008e100000, 0x000000008e200000|  0%| F|  |TAMS 0x000000008e100000, 0x000000008e100000| Untracked 
| 226|0x000000008e200000, 0x000000008e200000, 0x000000008e300000|  0%| F|  |TAMS 0x000000008e200000, 0x000000008e200000| Untracked 
| 227|0x000000008e300000, 0x000000008e300000, 0x000000008e400000|  0%| F|  |TAMS 0x000000008e300000, 0x000000008e300000| Untracked 
| 228|0x000000008e400000, 0x000000008e400000, 0x000000008e500000|  0%| F|  |TAMS 0x000000008e400000, 0x000000008e400000| Untracked 
| 229|0x000000008e500000, 0x000000008e500000, 0x000000008e600000|  0%| F|  |TAMS 0x000000008e500000, 0x000000008e500000| Untracked 
| 230|0x000000008e600000, 0x000000008e600000, 0x000000008e700000|  0%| F|  |TAMS 0x000000008e600000, 0x000000008e600000| Untracked 
| 231|0x000000008e700000, 0x000000008e700000, 0x000000008e800000|  0%| F|  |TAMS 0x000000008e700000, 0x000000008e700000| Untracked 
| 232|0x000000008e800000, 0x000000008e800000, 0x000000008e900000|  0%| F|  |TAMS 0x000000008e800000, 0x000000008e800000| Untracked 
| 233|0x000000008e900000, 0x000000008e900000, 0x000000008ea00000|  0%| F|  |TAMS 0x000000008e900000, 0x000000008e900000| Untracked 
| 234|0x000000008ea00000, 0x000000008ea00000, 0x000000008eb00000|  0%| F|  |TAMS 0x000000008ea00000, 0x000000008ea00000| Untracked 
| 235|0x000000008eb00000, 0x000000008eb00000, 0x000000008ec00000|  0%| F|  |TAMS 0x000000008eb00000, 0x000000008eb00000| Untracked 
| 236|0x000000008ec00000, 0x000000008ec00000, 0x000000008ed00000|  0%| F|  |TAMS 0x000000008ec00000, 0x000000008ec00000| Untracked 
| 237|0x000000008ed00000, 0x000000008ed00000, 0x000000008ee00000|  0%| F|  |TAMS 0x000000008ed00000, 0x000000008ed00000| Untracked 
| 238|0x000000008ee00000, 0x000000008ee00000, 0x000000008ef00000|  0%| F|  |TAMS 0x000000008ee00000, 0x000000008ee00000| Untracked 
| 239|0x000000008ef00000, 0x000000008efd3400, 0x000000008f000000| 82%| E|  |TAMS 0x000000008ef00000, 0x000000008ef00000| Complete 

Card table byte_map: [0x00000288c4b70000,0x00000288c4f70000] _byte_map_base: 0x00000288c4770000

Marking Bits (Prev, Next): (CMBitMap*) 0x00000288ae0d0a30, (CMBitMap*) 0x00000288ae0d0a70
 Prev Bits: [0x00000288c5370000, 0x00000288c7370000)
 Next Bits: [0x00000288c7370000, 0x00000288c9370000)

Polling page: 0x00000288abe60000

Metaspace:

Usage:
  Non-class:     86.81 MB used.
      Class:     13.97 MB used.
       Both:    100.78 MB used.

Virtual space:
  Non-class space:      128.00 MB reserved,      87.31 MB ( 68%) committed,  2 nodes.
      Class space:      416.00 MB reserved,      14.38 MB (  3%) committed,  1 nodes.
             Both:      544.00 MB reserved,     101.69 MB ( 19%) committed. 

Chunk freelists:
   Non-Class:  8.04 MB
       Class:  1.51 MB
        Both:  9.55 MB

MaxMetaspaceSize: 512.00 MB
CompressedClassSpaceSize: 416.00 MB
Initial GC threshold: 21.00 MB
Current GC threshold: 102.94 MB
CDS: on
MetaspaceReclaimPolicy: balanced
 - commit_granule_bytes: 65536.
 - commit_granule_words: 8192.
 - virtual_space_node_default_size: 8388608.
 - enlarge_chunks_in_place: 1.
 - new_chunks_are_fully_committed: 0.
 - uncommit_free_chunks: 1.
 - use_allocation_guard: 0.
 - handle_deallocations: 1.


Internal statistics:

num_allocs_failed_limit: 6.
num_arena_births: 1232.
num_arena_deaths: 0.
num_vsnodes_births: 3.
num_vsnodes_deaths: 0.
num_space_committed: 1627.
num_space_uncommitted: 0.
num_chunks_returned_to_freelist: 6.
num_chunks_taken_from_freelist: 5631.
num_chunk_merges: 6.
num_chunk_splits: 3626.
num_chunks_enlarged: 2325.
num_inconsistent_stats: 0.

CodeHeap 'non-profiled nmethods': size=120064Kb used=8009Kb max_used=8009Kb free=112054Kb
 bounds [0x00000288bd630000, 0x00000288bde10000, 0x00000288c4b70000]
CodeHeap 'profiled nmethods': size=120000Kb used=24509Kb max_used=25385Kb free=95490Kb
 bounds [0x00000288b5b70000, 0x00000288b7440000, 0x00000288bd0a0000]
CodeHeap 'non-nmethods': size=5696Kb used=2431Kb max_used=2485Kb free=3264Kb
 bounds [0x00000288bd0a0000, 0x00000288bd320000, 0x00000288bd630000]
 total_blobs=13362 nmethods=12396 adapters=878
 compilation: enabled
              stopped_count=0, restarted_count=0
 full_count=0

Compilation events (20 events):
Event: 288.944 Thread 0x00000288cb753150 nmethod 14724 0x00000288bddfc490 code [0x00000288bddfc620, 0x00000288bddfccf8]
Event: 288.944 Thread 0x00000288cb753150 14725       4       org.gradle.internal.snapshot.FileSystemLocationSnapshot$$Lambda$478/0x00000288cd42f3d8::apply (10 bytes)
Event: 288.946 Thread 0x00000288cb753150 nmethod 14725 0x00000288bddfce90 code [0x00000288bddfd020, 0x00000288bddfd118]
Event: 288.976 Thread 0x00000288cb753150 14726       4       org.gradle.cache.internal.CrossProcessSynchronizingIndexedCache::getIfPresent (17 bytes)
Event: 289.007 Thread 0x00000288cb753150 nmethod 14726 0x00000288bddfd210 code [0x00000288bddfd4e0, 0x00000288bddfe7a8]
Event: 289.018 Thread 0x00000288cb753150 14727       4       org.gradle.cache.internal.btree.KeyHasher$MessageDigestStream::write (11 bytes)
Event: 289.019 Thread 0x00000288cb753150 nmethod 14727 0x00000288bddffa90 code [0x00000288bddffc20, 0x00000288bddffd38]
Event: 289.027 Thread 0x00000288cb753150 14728       4       sun.nio.fs.WindowsFileAttributes::lastModifiedTime (8 bytes)
Event: 289.030 Thread 0x00000288cb753150 nmethod 14728 0x00000288bddffe90 code [0x00000288bde00020, 0x00000288bde001a8]
Event: 289.030 Thread 0x00000288cb753150 14729   !   4       sun.nio.fs.WindowsFileAttributes::toFileTime (47 bytes)
Event: 289.032 Thread 0x00000288cb753150 nmethod 14729 0x00000288bde00310 code [0x00000288bde004a0, 0x00000288bde00608]
Event: 289.049 Thread 0x00000288cb753150 14730       4       java.util.concurrent.locks.AbstractQueuedSynchronizer::isEnqueued (26 bytes)
Event: 289.050 Thread 0x00000288cb753150 nmethod 14730 0x00000288bde00790 code [0x00000288bde00900, 0x00000288bde009b8]
Event: 289.050 Thread 0x00000288cb753150 14731       4       org.gradle.internal.io.StreamByteBuffer$StreamByteBufferInputStream::read (8 bytes)
Event: 289.076 Thread 0x00000288cb753150 nmethod 14731 0x00000288bde00a90 code [0x00000288bde00c40, 0x00000288bde01a58]
Event: 289.077 Thread 0x00000288cb753150 14734       4       sun.nio.fs.WindowsFileAttributes::isDirectory (25 bytes)
Event: 289.077 Thread 0x00000288cb753150 nmethod 14734 0x00000288bde02090 code [0x00000288bde02200, 0x00000288bde022b8]
Event: 289.077 Thread 0x00000288cb753150 14732       4       org.gradle.cache.internal.DefaultFileLockManager$DefaultFileLock::assertOpenAndIntegral (41 bytes)
Event: 289.078 Thread 0x00000288cb753150 nmethod 14732 0x00000288bde02390 code [0x00000288bde02520, 0x00000288bde02638]
Event: 289.078 Thread 0x00000288cb753150 14733   !   4       org.gradle.cache.internal.DefaultMultiProcessSafeIndexedCache::getIfPresent (25 bytes)

GC Heap History (20 events):
Event: 270.523 GC heap before
{Heap before GC invocations=31 (full 0):
 garbage-first heap   total 204800K, used 161515K [0x0000000080000000, 0x0000000100000000)
  region size 1024K, 73 young (74752K), 5 survivors (5120K)
 Metaspace       used 85103K, committed 85824K, reserved 557056K
  class space    used 11748K, committed 12096K, reserved 425984K
}
Event: 270.541 GC heap after
{Heap after GC invocations=32 (full 0):
 garbage-first heap   total 204800K, used 95285K [0x0000000080000000, 0x0000000100000000)
  region size 1024K, 8 young (8192K), 8 survivors (8192K)
 Metaspace       used 85103K, committed 85824K, reserved 557056K
  class space    used 11748K, committed 12096K, reserved 425984K
}
Event: 272.808 GC heap before
{Heap before GC invocations=32 (full 0):
 garbage-first heap   total 204800K, used 163893K [0x0000000080000000, 0x0000000100000000)
  region size 1024K, 75 young (76800K), 8 survivors (8192K)
 Metaspace       used 89832K, committed 90560K, reserved 557056K
  class space    used 12577K, committed 12928K, reserved 425984K
}
Event: 272.828 GC heap after
{Heap after GC invocations=33 (full 0):
 garbage-first heap   total 204800K, used 97800K [0x0000000080000000, 0x0000000100000000)
  region size 1024K, 7 young (7168K), 7 survivors (7168K)
 Metaspace       used 89832K, committed 90560K, reserved 557056K
  class space    used 12577K, committed 12928K, reserved 425984K
}
Event: 275.538 GC heap before
{Heap before GC invocations=33 (full 0):
 garbage-first heap   total 204800K, used 169480K [0x0000000080000000, 0x0000000100000000)
  region size 1024K, 74 young (75776K), 7 survivors (7168K)
 Metaspace       used 93379K, committed 94272K, reserved 557056K
  class space    used 13029K, committed 13440K, reserved 425984K
}
Event: 275.569 GC heap after
{Heap after GC invocations=34 (full 0):
 garbage-first heap   total 204800K, used 115067K [0x0000000080000000, 0x0000000100000000)
  region size 1024K, 10 young (10240K), 10 survivors (10240K)
 Metaspace       used 93379K, committed 94272K, reserved 557056K
  class space    used 13029K, committed 13440K, reserved 425984K
}
Event: 277.330 GC heap before
{Heap before GC invocations=34 (full 0):
 garbage-first heap   total 204800K, used 166267K [0x0000000080000000, 0x0000000100000000)
  region size 1024K, 58 young (59392K), 10 survivors (10240K)
 Metaspace       used 93975K, committed 94848K, reserved 557056K
  class space    used 13095K, committed 13504K, reserved 425984K
}
Event: 277.364 GC heap after
{Heap after GC invocations=35 (full 0):
 garbage-first heap   total 204800K, used 127248K [0x0000000080000000, 0x0000000100000000)
  region size 1024K, 8 young (8192K), 8 survivors (8192K)
 Metaspace       used 93975K, committed 94848K, reserved 557056K
  class space    used 13095K, committed 13504K, reserved 425984K
}
Event: 278.640 GC heap before
{Heap before GC invocations=35 (full 0):
 garbage-first heap   total 204800K, used 165136K [0x0000000080000000, 0x0000000100000000)
  region size 1024K, 45 young (46080K), 8 survivors (8192K)
 Metaspace       used 94676K, committed 95552K, reserved 557056K
  class space    used 13177K, committed 13568K, reserved 425984K
}
Event: 278.674 GC heap after
{Heap after GC invocations=36 (full 0):
 garbage-first heap   total 204800K, used 136976K [0x0000000080000000, 0x0000000100000000)
  region size 1024K, 6 young (6144K), 6 survivors (6144K)
 Metaspace       used 94676K, committed 95552K, reserved 557056K
  class space    used 13177K, committed 13568K, reserved 425984K
}
Event: 279.559 GC heap before
{Heap before GC invocations=36 (full 0):
 garbage-first heap   total 204800K, used 166672K [0x0000000080000000, 0x0000000100000000)
  region size 1024K, 35 young (35840K), 6 survivors (6144K)
 Metaspace       used 96746K, committed 97664K, reserved 557056K
  class space    used 13468K, committed 13888K, reserved 425984K
}
Event: 279.574 GC heap after
{Heap after GC invocations=37 (full 0):
 garbage-first heap   total 204800K, used 139536K [0x0000000080000000, 0x0000000100000000)
  region size 1024K, 2 young (2048K), 2 survivors (2048K)
 Metaspace       used 96746K, committed 97664K, reserved 557056K
  class space    used 13468K, committed 13888K, reserved 425984K
}
Event: 280.590 GC heap before
{Heap before GC invocations=37 (full 0):
 garbage-first heap   total 204800K, used 169232K [0x0000000080000000, 0x0000000100000000)
  region size 1024K, 31 young (31744K), 2 survivors (2048K)
 Metaspace       used 99329K, committed 100224K, reserved 557056K
  class space    used 13855K, committed 14272K, reserved 425984K
}
Event: 280.600 GC heap after
{Heap after GC invocations=38 (full 0):
 garbage-first heap   total 245760K, used 140513K [0x0000000080000000, 0x0000000100000000)
  region size 1024K, 3 young (3072K), 3 survivors (3072K)
 Metaspace       used 99329K, committed 100224K, reserved 557056K
  class space    used 13855K, committed 14272K, reserved 425984K
}
Event: 282.694 GC heap before
{Heap before GC invocations=38 (full 0):
 garbage-first heap   total 245760K, used 199905K [0x0000000080000000, 0x0000000100000000)
  region size 1024K, 61 young (62464K), 3 survivors (3072K)
 Metaspace       used 101555K, committed 102528K, reserved 557056K
  class space    used 14130K, committed 14528K, reserved 425984K
}
Event: 282.725 GC heap after
{Heap after GC invocations=39 (full 0):
 garbage-first heap   total 245760K, used 146192K [0x0000000080000000, 0x0000000100000000)
  region size 1024K, 8 young (8192K), 8 survivors (8192K)
 Metaspace       used 101555K, committed 102528K, reserved 557056K
  class space    used 14130K, committed 14528K, reserved 425984K
}
Event: 284.513 GC heap before
{Heap before GC invocations=39 (full 0):
 garbage-first heap   total 245760K, used 201488K [0x0000000080000000, 0x0000000100000000)
  region size 1024K, 62 young (63488K), 8 survivors (8192K)
 Metaspace       used 102305K, committed 103296K, reserved 557056K
  class space    used 14201K, committed 14656K, reserved 425984K
}
Event: 284.548 GC heap after
{Heap after GC invocations=40 (full 0):
 garbage-first heap   total 245760K, used 152848K [0x0000000080000000, 0x0000000100000000)
  region size 1024K, 7 young (7168K), 7 survivors (7168K)
 Metaspace       used 102305K, committed 103296K, reserved 557056K
  class space    used 14201K, committed 14656K, reserved 425984K
}
Event: 287.422 GC heap before
{Heap before GC invocations=40 (full 0):
 garbage-first heap   total 245760K, used 202000K [0x0000000080000000, 0x0000000100000000)
  region size 1024K, 56 young (57344K), 7 survivors (7168K)
 Metaspace       used 103124K, committed 104064K, reserved 557056K
  class space    used 14301K, committed 14720K, reserved 425984K
}
Event: 287.443 GC heap after
{Heap after GC invocations=41 (full 0):
 garbage-first heap   total 245760K, used 155408K [0x0000000080000000, 0x0000000100000000)
  region size 1024K, 3 young (3072K), 3 survivors (3072K)
 Metaspace       used 103124K, committed 104064K, reserved 557056K
  class space    used 14301K, committed 14720K, reserved 425984K
}

Dll operation events (14 events):
Event: 0.207 Loaded shared library C:\Program Files\Microsoft\jdk-17.0.8.7-hotspot\bin\java.dll
Event: 0.330 Loaded shared library C:\Program Files\Microsoft\jdk-17.0.8.7-hotspot\bin\jsvml.dll
Event: 0.832 Loaded shared library C:\Program Files\Microsoft\jdk-17.0.8.7-hotspot\bin\zip.dll
Event: 0.838 Loaded shared library C:\Program Files\Microsoft\jdk-17.0.8.7-hotspot\bin\instrument.dll
Event: 0.845 Loaded shared library C:\Program Files\Microsoft\jdk-17.0.8.7-hotspot\bin\net.dll
Event: 0.847 Loaded shared library C:\Program Files\Microsoft\jdk-17.0.8.7-hotspot\bin\nio.dll
Event: 0.856 Loaded shared library C:\Program Files\Microsoft\jdk-17.0.8.7-hotspot\bin\zip.dll
Event: 1.477 Loaded shared library C:\Program Files\Microsoft\jdk-17.0.8.7-hotspot\bin\jimage.dll
Event: 1.729 Loaded shared library C:\Program Files\Microsoft\jdk-17.0.8.7-hotspot\bin\verify.dll
Event: 2.526 Loaded shared library C:\Users\Lenovo\.gradle\native\68d5fa5c4cc2d200863cafc0d521ce42e7d3e7ee720ec0a83991735586a16f82\windows-amd64\native-platform.dll
Event: 2.550 Loaded shared library C:\Users\Lenovo\.gradle\native\e376f236ea51e6404a007f0833ffe2c6e607c4080706a723a18a27aeea778392\windows-amd64\native-platform-file-events.dll
Event: 5.655 Loaded shared library C:\Program Files\Microsoft\jdk-17.0.8.7-hotspot\bin\management.dll
Event: 5.659 Loaded shared library C:\Program Files\Microsoft\jdk-17.0.8.7-hotspot\bin\management_ext.dll
Event: 6.573 Loaded shared library C:\Program Files\Microsoft\jdk-17.0.8.7-hotspot\bin\sunmscapi.dll

Deoptimization events (20 events):
Event: 287.289 Thread 0x00000288ee549a70 Uncommon trap: trap_request=0xffffffc6 fr.pc=0x00000288bdbb49b8 relative=0x0000000000000d78
Event: 287.289 Thread 0x00000288ee549a70 Uncommon trap: reason=bimorphic_or_optimized_type_check action=maybe_recompile pc=0x00000288bdbb49b8 method=org.gradle.execution.plan.DefaultFinalizedExecutionPlan$1.compare(Lorg/gradle/execution/plan/Node;Lorg/gradle/execution/plan/Node;)I @ 8 c2
Event: 287.289 Thread 0x00000288ee549a70 DEOPT PACKING pc=0x00000288bdbb49b8 sp=0x00000093d22fe3b0
Event: 287.289 Thread 0x00000288ee549a70 DEOPT UNPACKING pc=0x00000288bd0f69a3 sp=0x00000093d22fe378 mode 2
Event: 287.289 Thread 0x00000288ee549a70 Uncommon trap: trap_request=0xffffffc6 fr.pc=0x00000288bd996240 relative=0x00000000000000a0
Event: 287.289 Thread 0x00000288ee549a70 Uncommon trap: reason=bimorphic_or_optimized_type_check action=maybe_recompile pc=0x00000288bd996240 method=org.gradle.execution.plan.ActionNode.hasPendingPreExecutionNodes()Z @ 11 c2
Event: 287.289 Thread 0x00000288ee549a70 DEOPT PACKING pc=0x00000288bd996240 sp=0x00000093d22fe6b0
Event: 287.289 Thread 0x00000288ee549a70 DEOPT UNPACKING pc=0x00000288bd0f69a3 sp=0x00000093d22fe638 mode 2
Event: 287.403 Thread 0x00000288ee54bde0 Uncommon trap: trap_request=0xffffffc6 fr.pc=0x00000288bd996240 relative=0x00000000000000a0
Event: 287.403 Thread 0x00000288ee54bde0 Uncommon trap: reason=bimorphic_or_optimized_type_check action=maybe_recompile pc=0x00000288bd996240 method=org.gradle.execution.plan.ActionNode.hasPendingPreExecutionNodes()Z @ 11 c2
Event: 287.403 Thread 0x00000288ee54bde0 DEOPT PACKING pc=0x00000288bd996240 sp=0x00000093d21fd8f0
Event: 287.403 Thread 0x00000288ee54bde0 DEOPT UNPACKING pc=0x00000288bd0f69a3 sp=0x00000093d21fd878 mode 2
Event: 287.409 Thread 0x00000288ee54bde0 Uncommon trap: trap_request=0xffffffc6 fr.pc=0x00000288bd996240 relative=0x00000000000000a0
Event: 287.409 Thread 0x00000288ee54bde0 Uncommon trap: reason=bimorphic_or_optimized_type_check action=maybe_recompile pc=0x00000288bd996240 method=org.gradle.execution.plan.ActionNode.hasPendingPreExecutionNodes()Z @ 11 c2
Event: 287.409 Thread 0x00000288ee54bde0 DEOPT PACKING pc=0x00000288bd996240 sp=0x00000093d21fd8f0
Event: 287.409 Thread 0x00000288ee54bde0 DEOPT UNPACKING pc=0x00000288bd0f69a3 sp=0x00000093d21fd878 mode 2
Event: 287.418 Thread 0x00000288ee54bde0 Uncommon trap: trap_request=0xffffffc6 fr.pc=0x00000288bd996240 relative=0x00000000000000a0
Event: 287.418 Thread 0x00000288ee54bde0 Uncommon trap: reason=bimorphic_or_optimized_type_check action=maybe_recompile pc=0x00000288bd996240 method=org.gradle.execution.plan.ActionNode.hasPendingPreExecutionNodes()Z @ 11 c2
Event: 287.418 Thread 0x00000288ee54bde0 DEOPT PACKING pc=0x00000288bd996240 sp=0x00000093d21fd8f0
Event: 287.418 Thread 0x00000288ee54bde0 DEOPT UNPACKING pc=0x00000288bd0f69a3 sp=0x00000093d21fd878 mode 2

Classes unloaded (0 events):
No events

Classes redefined (0 events):
No events

Internal exceptions (20 events):
Event: 280.343 Thread 0x00000288cb7af5c0 Exception <a 'sun/nio/fs/WindowsException'{0x000000008b4cb270}> (0x000000008b4cb270) 
thrown [s\src\hotspot\share\prims\jni.cpp, line 516]
Event: 280.343 Thread 0x00000288cb7af5c0 Exception <a 'sun/nio/fs/WindowsException'{0x000000008b4cc910}> (0x000000008b4cc910) 
thrown [s\src\hotspot\share\prims\jni.cpp, line 516]
Event: 280.343 Thread 0x00000288cb7af5c0 Exception <a 'sun/nio/fs/WindowsException'{0x000000008b4cdfb0}> (0x000000008b4cdfb0) 
thrown [s\src\hotspot\share\prims\jni.cpp, line 516]
Event: 281.600 Thread 0x00000288cb7af5c0 Implicit null exception at 0x00000288bdce3e0e to 0x00000288bdce4ca0
Event: 282.574 Thread 0x00000288cb7af5c0 Exception <a 'java/lang/IncompatibleClassChangeError'{0x000000008b989820}: Found class java.lang.Object, but interface was expected> (0x000000008b989820) 
thrown [s\src\hotspot\share\interpreter\linkResolver.cpp, line 826]
Event: 282.735 Thread 0x00000288cb7af5c0 Implicit null exception at 0x00000288bdd32e10 to 0x00000288bdd32ed8
Event: 282.851 Thread 0x00000288cb7af5c0 Exception <a 'sun/nio/fs/WindowsException'{0x000000008ea39ce8}> (0x000000008ea39ce8) 
thrown [s\src\hotspot\share\prims\jni.cpp, line 516]
Event: 282.851 Thread 0x00000288cb7af5c0 Exception <a 'sun/nio/fs/WindowsException'{0x000000008ea3b338}> (0x000000008ea3b338) 
thrown [s\src\hotspot\share\prims\jni.cpp, line 516]
Event: 282.852 Thread 0x00000288cb7af5c0 Exception <a 'sun/nio/fs/WindowsException'{0x000000008ea3c9d8}> (0x000000008ea3c9d8) 
thrown [s\src\hotspot\share\prims\jni.cpp, line 516]
Event: 282.852 Thread 0x00000288cb7af5c0 Exception <a 'sun/nio/fs/WindowsException'{0x000000008ea3e078}> (0x000000008ea3e078) 
thrown [s\src\hotspot\share\prims\jni.cpp, line 516]
Event: 284.510 Thread 0x00000288ee54bde0 Exception <a 'java/lang/NoSuchMethodError'{0x000000008baf39e0}: 'void java.lang.invoke.DirectMethodHandle$Holder.invokeStatic(java.lang.Object, java.lang.Object, java.lang.Object, java.lang.Object, int, java.lang.Object, java.lang.Object)'> (0x000000008baf39e0) 
thrown [s\src\hotspot\share\interpreter\linkResolver.cpp, line 759]
Event: 284.699 Thread 0x00000288ee54bde0 Exception <a 'java/lang/NoSuchMethodError'{0x000000008ed33a68}: 'java.lang.Object java.lang.invoke.DirectMethodHandle$Holder.invokeSpecialIFC(java.lang.Object, java.lang.Object, java.lang.Object)'> (0x000000008ed33a68) 
thrown [s\src\hotspot\share\interpreter\linkResolver.cpp, line 759]
Event: 287.094 Thread 0x00000288ee549a70 Exception <a 'java/lang/NoSuchMethodError'{0x000000008c2a9c30}: 'void java.lang.invoke.DirectMethodHandle$Holder.invokeVirtual(java.lang.Object, java.lang.Object)'> (0x000000008c2a9c30) 
thrown [s\src\hotspot\share\interpreter\linkResolver.cpp, line 759]
Event: 287.140 Thread 0x00000288ee549a70 Exception <a 'java/lang/ClassNotFoundException'{0x000000008c1d4348}: groovy/util/FileTreeBuilderBeanInfo> (0x000000008c1d4348) 
thrown [s\src\hotspot\share\classfile\systemDictionary.cpp, line 256]
Event: 287.141 Thread 0x00000288ee549a70 Exception <a 'java/lang/ClassNotFoundException'{0x000000008c038e88}: groovy/util/FileTreeBuilderCustomizer> (0x000000008c038e88) 
thrown [s\src\hotspot\share\classfile\systemDictionary.cpp, line 256]
Event: 287.177 Thread 0x00000288ee549a70 Exception <a 'java/lang/ClassNotFoundException'{0x000000008c0718c8}: java/io/BufferedWriterBeanInfo> (0x000000008c0718c8) 
thrown [s\src\hotspot\share\classfile\systemDictionary.cpp, line 256]
Event: 287.179 Thread 0x00000288ee549a70 Exception <a 'java/lang/ClassNotFoundException'{0x000000008c077260}: java/io/WriterBeanInfo> (0x000000008c077260) 
thrown [s\src\hotspot\share\classfile\systemDictionary.cpp, line 256]
Event: 287.179 Thread 0x00000288ee549a70 Exception <a 'java/lang/ClassNotFoundException'{0x000000008c07c960}: java/io/WriterCustomizer> (0x000000008c07c960) 
thrown [s\src\hotspot\share\classfile\systemDictionary.cpp, line 256]
Event: 287.188 Thread 0x00000288ee549a70 Exception <a 'java/lang/ClassNotFoundException'{0x000000008c08b638}: java/io/BufferedWriterCustomizer> (0x000000008c08b638) 
thrown [s\src\hotspot\share\classfile\systemDictionary.cpp, line 256]
Event: 287.267 Thread 0x00000288ee549a70 Exception <a 'java/lang/NoSuchMethodError'{0x000000008bf19a40}: static Lcom/android/build/api/variant/BuildConfigField;.<clinit>()V> (0x000000008bf19a40) 
thrown [s\src\hotspot\share\prims\jni.cpp, line 1107]

VM Operations (20 events):
Event: 284.602 Executing VM operation: HandshakeAllThreads
Event: 284.602 Executing VM operation: HandshakeAllThreads done
Event: 284.662 Executing VM operation: HandshakeAllThreads
Event: 284.662 Executing VM operation: HandshakeAllThreads done
Event: 284.719 Executing VM operation: HandshakeAllThreads
Event: 284.838 Executing VM operation: HandshakeAllThreads done
Event: 284.849 Executing VM operation: HandshakeAllThreads
Event: 284.850 Executing VM operation: HandshakeAllThreads done
Event: 285.250 Executing VM operation: ICBufferFull
Event: 285.251 Executing VM operation: ICBufferFull done
Event: 285.574 Executing VM operation: HandshakeAllThreads
Event: 285.577 Executing VM operation: HandshakeAllThreads done
Event: 286.173 Executing VM operation: ICBufferFull
Event: 286.215 Executing VM operation: ICBufferFull done
Event: 287.056 Executing VM operation: ICBufferFull
Event: 287.085 Executing VM operation: ICBufferFull done
Event: 287.422 Executing VM operation: G1CollectForAllocation
Event: 287.443 Executing VM operation: G1CollectForAllocation done
Event: 288.452 Executing VM operation: Cleanup
Event: 288.452 Executing VM operation: Cleanup done

Events (20 events):
Event: 286.759 Thread 0x00000288ee54ffb0 Thread added: 0x00000288ee54ffb0
Event: 286.784 Thread 0x00000288cbccea40 Thread added: 0x00000288cbccea40
Event: 287.046 Thread 0x00000288f07339c0 Thread added: 0x00000288f07339c0
Event: 287.176 loading class java/io/BufferedWriterBeanInfo
Event: 287.176 loading class java/io/BufferedWriterBeanInfo done
Event: 287.177 loading class java/io/BufferedWriterBeanInfo
Event: 287.177 loading class java/io/BufferedWriterBeanInfo done
Event: 287.177 loading class java/io/WriterBeanInfo
Event: 287.177 loading class java/io/WriterBeanInfo done
Event: 287.178 loading class java/io/WriterBeanInfo
Event: 287.178 loading class java/io/WriterBeanInfo done
Event: 287.179 loading class java/io/WriterCustomizer
Event: 287.179 loading class java/io/WriterCustomizer done
Event: 287.179 loading class java/io/WriterCustomizer
Event: 287.179 loading class java/io/WriterCustomizer done
Event: 287.183 loading class java/io/BufferedWriterCustomizer
Event: 287.183 loading class java/io/BufferedWriterCustomizer done
Event: 287.186 loading class java/io/BufferedWriterCustomizer
Event: 287.186 loading class java/io/BufferedWriterCustomizer done
Event: 287.459 Thread 0x00000288f0738fd0 Thread added: 0x00000288f0738fd0


Dynamic libraries:
0x00007ff60e1a0000 - 0x00007ff60e1ae000 	C:\Program Files\Microsoft\jdk-17.0.8.7-hotspot\bin\java.exe
0x00007ffd455f0000 - 0x00007ffd457e8000 	C:\Windows\SYSTEM32\ntdll.dll
0x00007ffd43f80000 - 0x00007ffd4403d000 	C:\Windows\System32\KERNEL32.DLL
0x00007ffd42de0000 - 0x00007ffd430d6000 	C:\Windows\System32\KERNELBASE.dll
0x00007ffd43340000 - 0x00007ffd43440000 	C:\Windows\System32\ucrtbase.dll
0x00007ffd1dea0000 - 0x00007ffd1debb000 	C:\Program Files\Microsoft\jdk-17.0.8.7-hotspot\bin\VCRUNTIME140.dll
0x00007ffd1e650000 - 0x00007ffd1e667000 	C:\Program Files\Microsoft\jdk-17.0.8.7-hotspot\bin\jli.dll
0x00007ffd44930000 - 0x00007ffd44ace000 	C:\Windows\System32\USER32.dll
0x00007ffd32d70000 - 0x00007ffd3300a000 	C:\Windows\WinSxS\amd64_microsoft.windows.common-controls_6595b64144ccf1df_6.0.19041.3636_none_60b6a03d71f818d5\COMCTL32.dll
0x00007ffd43e70000 - 0x00007ffd43f0e000 	C:\Windows\System32\msvcrt.dll
0x00007ffd43600000 - 0x00007ffd43622000 	C:\Windows\System32\win32u.dll
0x00007ffd44430000 - 0x00007ffd4445b000 	C:\Windows\System32\GDI32.dll
0x00007ffd43440000 - 0x00007ffd43557000 	C:\Windows\System32\gdi32full.dll
0x00007ffd43560000 - 0x00007ffd435fd000 	C:\Windows\System32\msvcp_win.dll
0x00007ffd447c0000 - 0x00007ffd447f2000 	C:\Windows\System32\IMM32.DLL
0x00007ffd32600000 - 0x00007ffd3260c000 	C:\Program Files\Microsoft\jdk-17.0.8.7-hotspot\bin\vcruntime140_1.dll
0x00007ffd0f980000 - 0x00007ffd0fa0d000 	C:\Program Files\Microsoft\jdk-17.0.8.7-hotspot\bin\msvcp140.dll
0x00007ffcdeb90000 - 0x00007ffcdf7f5000 	C:\Program Files\Microsoft\jdk-17.0.8.7-hotspot\bin\server\jvm.dll
0x00007ffd44040000 - 0x00007ffd440f3000 	C:\Windows\System32\ADVAPI32.dll
0x00007ffd44380000 - 0x00007ffd4441f000 	C:\Windows\System32\sechost.dll
0x00007ffd44b50000 - 0x00007ffd44c76000 	C:\Windows\System32\RPCRT4.dll
0x00007ffd42db0000 - 0x00007ffd42dd7000 	C:\Windows\System32\bcrypt.dll
0x00007ffd42b10000 - 0x00007ffd42b5b000 	C:\Windows\SYSTEM32\POWRPROF.dll
0x00007ffd32460000 - 0x00007ffd32469000 	C:\Windows\SYSTEM32\WSOCK32.dll
0x00007ffd45490000 - 0x00007ffd454fb000 	C:\Windows\System32\WS2_32.dll
0x00007ffd3af70000 - 0x00007ffd3af97000 	C:\Windows\SYSTEM32\WINMM.dll
0x00007ffd3af60000 - 0x00007ffd3af6a000 	C:\Windows\SYSTEM32\VERSION.dll
0x00007ffd42af0000 - 0x00007ffd42b02000 	C:\Windows\SYSTEM32\UMPDC.dll
0x00007ffd40b20000 - 0x00007ffd40b32000 	C:\Windows\SYSTEM32\kernel.appcore.dll
0x00007ffd2f4e0000 - 0x00007ffd2f4ea000 	C:\Program Files\Microsoft\jdk-17.0.8.7-hotspot\bin\jimage.dll
0x00007ffd373d0000 - 0x00007ffd375b4000 	C:\Windows\SYSTEM32\DBGHELP.DLL
0x00007ffd2fe30000 - 0x00007ffd2fe64000 	C:\Windows\SYSTEM32\dbgcore.DLL
0x00007ffd43240000 - 0x00007ffd432c2000 	C:\Windows\System32\bcryptPrimitives.dll
0x00007ffd2b540000 - 0x00007ffd2b54e000 	C:\Program Files\Microsoft\jdk-17.0.8.7-hotspot\bin\instrument.dll
0x00007ffd17120000 - 0x00007ffd17145000 	C:\Program Files\Microsoft\jdk-17.0.8.7-hotspot\bin\java.dll
0x00007ffd0f8a0000 - 0x00007ffd0f977000 	C:\Program Files\Microsoft\jdk-17.0.8.7-hotspot\bin\jsvml.dll
0x00007ffd43630000 - 0x00007ffd43d75000 	C:\Windows\System32\SHELL32.dll
0x00007ffd40d20000 - 0x00007ffd414bc000 	C:\Windows\SYSTEM32\windows.storage.dll
0x00007ffd44460000 - 0x00007ffd447b4000 	C:\Windows\System32\combase.dll
0x00007ffd42610000 - 0x00007ffd4263e000 	C:\Windows\SYSTEM32\Wldp.dll
0x00007ffd442b0000 - 0x00007ffd4437d000 	C:\Windows\System32\OLEAUT32.dll
0x00007ffd45500000 - 0x00007ffd455ad000 	C:\Windows\System32\SHCORE.dll
0x00007ffd43f10000 - 0x00007ffd43f65000 	C:\Windows\System32\shlwapi.dll
0x00007ffd42be0000 - 0x00007ffd42c05000 	C:\Windows\SYSTEM32\profapi.dll
0x00007ffd1ac90000 - 0x00007ffd1aca8000 	C:\Program Files\Microsoft\jdk-17.0.8.7-hotspot\bin\zip.dll
0x00007ffd1dde0000 - 0x00007ffd1ddf9000 	C:\Program Files\Microsoft\jdk-17.0.8.7-hotspot\bin\net.dll
0x00007ffd35040000 - 0x00007ffd3514a000 	C:\Windows\SYSTEM32\WINHTTP.dll
0x00007ffd42370000 - 0x00007ffd423da000 	C:\Windows\system32\mswsock.dll
0x00007ffd1d4a0000 - 0x00007ffd1d4b6000 	C:\Program Files\Microsoft\jdk-17.0.8.7-hotspot\bin\nio.dll
0x00007ffd2f480000 - 0x00007ffd2f490000 	C:\Program Files\Microsoft\jdk-17.0.8.7-hotspot\bin\verify.dll
0x00007ffd16780000 - 0x00007ffd167a7000 	C:\Users\Lenovo\.gradle\native\68d5fa5c4cc2d200863cafc0d521ce42e7d3e7ee720ec0a83991735586a16f82\windows-amd64\native-platform.dll
0x00007ffcf3c20000 - 0x00007ffcf3d64000 	C:\Users\Lenovo\.gradle\native\e376f236ea51e6404a007f0833ffe2c6e607c4080706a723a18a27aeea778392\windows-amd64\native-platform-file-events.dll
0x00007ffd2f160000 - 0x00007ffd2f169000 	C:\Program Files\Microsoft\jdk-17.0.8.7-hotspot\bin\management.dll
0x00007ffd2b580000 - 0x00007ffd2b58b000 	C:\Program Files\Microsoft\jdk-17.0.8.7-hotspot\bin\management_ext.dll
0x00007ffd43f70000 - 0x00007ffd43f78000 	C:\Windows\System32\PSAPI.DLL
0x00007ffd42570000 - 0x00007ffd42588000 	C:\Windows\SYSTEM32\CRYPTSP.dll
0x00007ffd41c70000 - 0x00007ffd41ca4000 	C:\Windows\system32\rsaenh.dll
0x00007ffd42ba0000 - 0x00007ffd42bce000 	C:\Windows\SYSTEM32\USERENV.dll
0x00007ffd42560000 - 0x00007ffd4256c000 	C:\Windows\SYSTEM32\CRYPTBASE.dll
0x00007ffd42040000 - 0x00007ffd4207b000 	C:\Windows\SYSTEM32\IPHLPAPI.DLL
0x00007ffd45110000 - 0x00007ffd45118000 	C:\Windows\System32\NSI.dll
0x00007ffd36ad0000 - 0x00007ffd36ae7000 	C:\Windows\SYSTEM32\dhcpcsvc6.DLL
0x00007ffd37f30000 - 0x00007ffd37f4d000 	C:\Windows\SYSTEM32\dhcpcsvc.DLL
0x00007ffd420a0000 - 0x00007ffd4216b000 	C:\Windows\SYSTEM32\DNSAPI.dll
0x00007ffd2b0a0000 - 0x00007ffd2b0ae000 	C:\Program Files\Microsoft\jdk-17.0.8.7-hotspot\bin\sunmscapi.dll
0x00007ffd430e0000 - 0x00007ffd4323d000 	C:\Windows\System32\CRYPT32.dll
0x00007ffd42680000 - 0x00007ffd426a8000 	C:\Windows\SYSTEM32\ncrypt.dll
0x00007ffd42640000 - 0x00007ffd4267b000 	C:\Windows\SYSTEM32\NTASN1.dll
0x00007ffd2ac80000 - 0x00007ffd2ac87000 	C:\Windows\system32\wshunix.dll
0x00007ffd31ca0000 - 0x00007ffd31caa000 	C:\Windows\System32\rasadhlp.dll
0x00007ffd31e30000 - 0x00007ffd31eb0000 	C:\Windows\System32\fwpuclnt.dll
0x00007ffd2a900000 - 0x00007ffd2a917000 	C:\Windows\system32\napinsp.dll
0x00007ffd2a8e0000 - 0x00007ffd2a8fb000 	C:\Windows\system32\pnrpnsp.dll
0x00007ffd33b10000 - 0x00007ffd33b25000 	C:\Windows\system32\wshbth.dll
0x00007ffd3e5a0000 - 0x00007ffd3e5bd000 	C:\Windows\system32\NLAapi.dll
0x00007ffd325e0000 - 0x00007ffd325f2000 	C:\Windows\System32\winrnr.dll

dbghelp: loaded successfully - version: 4.0.5 - missing functions: none
symbol engine: initialized successfully - sym options: 0x614 - pdb path: .;C:\Program Files\Microsoft\jdk-17.0.8.7-hotspot\bin;C:\Windows\SYSTEM32;C:\Windows\WinSxS\amd64_microsoft.windows.common-controls_6595b64144ccf1df_6.0.19041.3636_none_60b6a03d71f818d5;C:\Program Files\Microsoft\jdk-17.0.8.7-hotspot\bin\server;C:\Users\Lenovo\.gradle\native\68d5fa5c4cc2d200863cafc0d521ce42e7d3e7ee720ec0a83991735586a16f82\windows-amd64;C:\Users\Lenovo\.gradle\native\e376f236ea51e6404a007f0833ffe2c6e607c4080706a723a18a27aeea778392\windows-amd64

VM Arguments:
jvm_args: -XX:MaxMetaspaceSize=512m --add-opens=java.base/java.util=ALL-UNNAMED --add-opens=java.base/java.lang=ALL-UNNAMED --add-opens=java.base/java.lang.invoke=ALL-UNNAMED --add-opens=java.prefs/java.util.prefs=ALL-UNNAMED --add-opens=java.base/java.nio.charset=ALL-UNNAMED --add-opens=java.base/java.net=ALL-UNNAMED --add-opens=java.base/java.util.concurrent.atomic=ALL-UNNAMED -Xmx2048m -Dfile.encoding=windows-1252 -Duser.country=US -Duser.language=en -Duser.variant -javaagent:C:\Users\Lenovo\.gradle\wrapper\dists\gradle-8.3-all\6en3ugtfdg5xnpx44z4qbwgas\gradle-8.3\lib\agents\gradle-instrumentation-agent-8.3.jar 
java_command: org.gradle.launcher.daemon.bootstrap.GradleDaemon 8.3
java_class_path (initial): C:\Users\Lenovo\.gradle\wrapper\dists\gradle-8.3-all\6en3ugtfdg5xnpx44z4qbwgas\gradle-8.3\lib\gradle-launcher-8.3.jar
Launcher Type: SUN_STANDARD

[Global flags]
     intx CICompilerCount                          = 2                                         {product} {ergonomic}
   size_t CompressedClassSpaceSize                 = 436207616                                 {product} {ergonomic}
     uint ConcGCThreads                            = 1                                         {product} {ergonomic}
     uint G1ConcRefinementThreads                  = 2                                         {product} {ergonomic}
   size_t G1HeapRegionSize                         = 1048576                                   {product} {ergonomic}
    uintx GCDrainStackTargetSize                   = 64                                        {product} {ergonomic}
   size_t InitialHeapSize                          = 100663296                                 {product} {ergonomic}
   size_t MarkStackSize                            = 4194304                                   {product} {ergonomic}
   size_t MaxHeapSize                              = 2147483648                                {product} {command line}
   size_t MaxMetaspaceSize                         = 536870912                                 {product} {command line}
   size_t MaxNewSize                               = 1287651328                                {product} {ergonomic}
   size_t MinHeapDeltaBytes                        = 1048576                                   {product} {ergonomic}
   size_t MinHeapSize                              = 8388608                                   {product} {ergonomic}
    uintx NonNMethodCodeHeapSize                   = 5826188                                {pd product} {ergonomic}
    uintx NonProfiledCodeHeapSize                  = 122916026                              {pd product} {ergonomic}
    uintx ProfiledCodeHeapSize                     = 122916026                              {pd product} {ergonomic}
    uintx ReservedCodeCacheSize                    = 251658240                              {pd product} {ergonomic}
     bool SegmentedCodeCache                       = true                                      {product} {ergonomic}
   size_t SoftMaxHeapSize                          = 2147483648                             {manageable} {ergonomic}
     bool UseCompressedClassPointers               = true                           {product lp64_product} {ergonomic}
     bool UseCompressedOops                        = true                           {product lp64_product} {ergonomic}
     bool UseG1GC                                  = true                                      {product} {ergonomic}
     bool UseLargePagesIndividualAllocation        = false                                  {pd product} {ergonomic}

Logging:
Log output configuration:
 #0: stdout all=warning uptime,level,tags
 #1: stderr all=off uptime,level,tags

Environment Variables:
JAVA_HOME=C:\Program Files\Microsoft\jdk-17.0.8.7-hotspot\
CLASSPATH=C:\Users\Lenovo\Documents\Semester 6\Mobile Application Developer\AwesomeProject\android\\gradle\wrapper\gradle-wrapper.jar
PATH=C:\Users\Lenovo\Documents\Semester 6\Mobile Application Developer\AwesomeProject\node_modules\.bin;C:\Users\Lenovo\Documents\Semester 6\Mobile Application Developer\AwesomeProject\node_modules\.bin;C:\Users\Lenovo\Documents\Semester 6\Mobile Application Developer\node_modules\.bin;C:\Users\Lenovo\Documents\Semester 6\node_modules\.bin;C:\Users\Lenovo\Documents\node_modules\.bin;C:\Users\Lenovo\node_modules\.bin;C:\Users\node_modules\.bin;C:\node_modules\.bin;C:\Program Files\nodejs\node_modules\npm\node_modules\@npmcli\run-script\lib\node-gyp-bin;C:\Users\Lenovo\Documents\Semester 6\Mobile Application Developer\AwesomeProject\node_modules\.bin;C:\Users\Lenovo\Documents\Semester 6\Mobile Application Developer\node_modules\.bin;C:\Users\Lenovo\Documents\Semester 6\node_modules\.bin;C:\Users\Lenovo\Documents\node_modules\.bin;C:\Users\Lenovo\node_modules\.bin;C:\Users\node_modules\.bin;C:\node_modules\.bin;C:\Program Files\nodejs\node_modules\npm\node_modules\@npmcli\run-script\lib\node-gyp-bin;C:\Program Files\Microsoft\jdk-17.0.8.7-hotspot\bin;C:\Python312\Scripts\;C:\Python312\;C:\Program Files\Amazon Corretto\jdk11.0.22_7\bin;C:\Windows\system32;C:\Windows;C:\Windows\System32\Wbem;C:\Windows\System32\WindowsPowerShell\v1.0\;C:\Windows\System32\OpenSSH\;C:\ProgramData\chocolatey\bin;C:\Program Files\nodejs\;C:\Program Files\Git\cmd;C:\Users\Lenovo\AppData\Local\Microsoft\WindowsApps;C:\Users\Lenovo\AppData\Local\Programs\Microsoft VS Code\bin;C:\Users\Lenovo\AppData\Roaming\npm;C:\Users\Lenovo\AppData\Local\Android\Sdk\platform-tools;
USERNAME=Lenovo
LANG=en_US.UTF-8
OS=Windows_NT
PROCESSOR_IDENTIFIER=AMD64 Family 23 Model 32 Stepping 1, AuthenticAMD
TMP=C:\Users\Lenovo\AppData\Local\Temp
TEMP=C:\Users\Lenovo\AppData\Local\Temp



---------------  S Y S T E M  ---------------

OS:
 Windows 10 , 64 bit Build 19041 (10.0.19041.3636)
OS uptime: 4 days 12:30 hours
Hyper-V role detected

CPU: total 2 (initial active 2) (2 cores per cpu, 1 threads per core) family 23 model 32 stepping 1 microcode 0x0, cx8, cmov, fxsr, mmx, 3dnowpref, sse, sse2, sse3, ssse3, sse4a, sse4.1, sse4.2, popcnt, lzcnt, tsc, tscinvbit, avx, avx2, aes, clmul, bmi1, bmi2, adx, sha, fma, vzeroupper, clflush, clflushopt, hv
Processor Information for all 2 processors :
  Max Mhz: 1200, Current Mhz: 1200, Mhz Limit: 1200

Memory: 4k page, system-wide physical 6020M (698M free)
TotalPageFile size 12932M (AvailPageFile size 3602M)
current process WorkingSet (physical memory assigned to process): 497M, peak: 508M
current process commit charge ("private bytes"): 551M, peak: 562M

vm_info: OpenJDK 64-Bit Server VM (17.0.8+7-LTS) for windows-amd64 JRE (17.0.8+7-LTS), built on Jul  7 2023 17:21:55 by "MicrosoftCorporation" with MS VC++ 16.10 / 16.11 (VS2019)

END.
